CRITICAL - 2023-12-09 14:03:31 --> Undefined array key "year"
in APPPATH\Controllers\Home.php on line 33.
 1 APPPATH\Controllers\Home.php(33): CodeIgniter\Debug\Exceptions->errorHandler(2, 'Undefined array key "year"', 'C:\\Users\\cssmi\\Documents\\Kuliah\\Sistem Informasi Eksekutif\\SIEKedelaiMataram\\app\\Controllers\\Home.php', 33)
 2 SYSTEMPATH\CodeIgniter.php(942): App\Controllers\Home->detail('1')
 3 SYSTEMPATH\CodeIgniter.php(502): CodeIgniter\CodeIgniter->runController(Object(App\Controllers\Home))
 4 SYSTEMPATH\CodeIgniter.php(361): CodeIgniter\CodeIgniter->handleRequest(null, Object(Config\Cache), false)
 5 FCPATH\index.php(79): CodeIgniter\CodeIgniter->run()
 6 SYSTEMPATH\Commands\Server\rewrite.php(47): require_once('C:\\Users\\cssmi\\Documents\\Kuliah\\Sistem Informasi Eksekutif\\SIEKedelaiMataram\\public\\index.php')
CRITICAL - 2023-12-09 14:07:30 --> Call to a member function first() on array
in APPPATH\Controllers\Home.php on line 29.
 1 SYSTEMPATH\CodeIgniter.php(942): App\Controllers\Home->detail('1')
 2 SYSTEMPATH\CodeIgniter.php(502): CodeIgniter\CodeIgniter->runController(Object(App\Controllers\Home))
 3 SYSTEMPATH\CodeIgniter.php(361): CodeIgniter\CodeIgniter->handleRequest(null, Object(Config\Cache), false)
 4 FCPATH\index.php(79): CodeIgniter\CodeIgniter->run()
 5 SYSTEMPATH\Commands\Server\rewrite.php(47): require_once('C:\\Users\\cssmi\\Documents\\Kuliah\\Sistem Informasi Eksekutif\\SIEKedelaiMataram\\public\\index.php')
CRITICAL - 2023-12-09 14:11:04 --> Undefined array key "year"
in APPPATH\Controllers\Home.php on line 33.
 1 APPPATH\Controllers\Home.php(33): CodeIgniter\Debug\Exceptions->errorHandler(2, 'Undefined array key "year"', 'C:\\Users\\cssmi\\Documents\\Kuliah\\Sistem Informasi Eksekutif\\SIEKedelaiMataram\\app\\Controllers\\Home.php', 33)
 2 SYSTEMPATH\CodeIgniter.php(942): App\Controllers\Home->detail('1')
 3 SYSTEMPATH\CodeIgniter.php(502): CodeIgniter\CodeIgniter->runController(Object(App\Controllers\Home))
 4 SYSTEMPATH\CodeIgniter.php(361): CodeIgniter\CodeIgniter->handleRequest(null, Object(Config\Cache), false)
 5 FCPATH\index.php(79): CodeIgniter\CodeIgniter->run()
 6 SYSTEMPATH\Commands\Server\rewrite.php(47): require_once('C:\\Users\\cssmi\\Documents\\Kuliah\\Sistem Informasi Eksekutif\\SIEKedelaiMataram\\public\\index.php')
CRITICAL - 2023-12-09 14:12:44 --> Undefined array key "year"
in APPPATH\Controllers\Home.php on line 33.
 1 APPPATH\Controllers\Home.php(33): CodeIgniter\Debug\Exceptions->errorHandler(2, 'Undefined array key "year"', 'C:\\Users\\cssmi\\Documents\\Kuliah\\Sistem Informasi Eksekutif\\SIEKedelaiMataram\\app\\Controllers\\Home.php', 33)
 2 SYSTEMPATH\CodeIgniter.php(942): App\Controllers\Home->detail('1')
 3 SYSTEMPATH\CodeIgniter.php(502): CodeIgniter\CodeIgniter->runController(Object(App\Controllers\Home))
 4 SYSTEMPATH\CodeIgniter.php(361): CodeIgniter\CodeIgniter->handleRequest(null, Object(Config\Cache), false)
 5 FCPATH\index.php(79): CodeIgniter\CodeIgniter->run()
 6 SYSTEMPATH\Commands\Server\rewrite.php(47): require_once('C:\\Users\\cssmi\\Documents\\Kuliah\\Sistem Informasi Eksekutif\\SIEKedelaiMataram\\public\\index.php')
CRITICAL - 2023-12-09 14:17:03 --> Call to a member function pluck() on array
in APPPATH\Controllers\Home.php on line 31.
 1 SYSTEMPATH\CodeIgniter.php(942): App\Controllers\Home->detail('1')
 2 SYSTEMPATH\CodeIgniter.php(502): CodeIgniter\CodeIgniter->runController(Object(App\Controllers\Home))
 3 SYSTEMPATH\CodeIgniter.php(361): CodeIgniter\CodeIgniter->handleRequest(null, Object(Config\Cache), false)
 4 FCPATH\index.php(79): CodeIgniter\CodeIgniter->run()
 5 SYSTEMPATH\Commands\Server\rewrite.php(47): require_once('C:\\Users\\cssmi\\Documents\\Kuliah\\Sistem Informasi Eksekutif\\SIEKedelaiMataram\\public\\index.php')
CRITICAL - 2023-12-09 14:21:05 --> Attempt to read property "year" on array
in APPPATH\Controllers\Home.php on line 33.
 1 APPPATH\Controllers\Home.php(33): CodeIgniter\Debug\Exceptions->errorHandler(2, 'Attempt to read property "year" on array', 'C:\\Users\\cssmi\\Documents\\Kuliah\\Sistem Informasi Eksekutif\\SIEKedelaiMataram\\app\\Controllers\\Home.php', 33)
 2 SYSTEMPATH\CodeIgniter.php(942): App\Controllers\Home->detail('1')
 3 SYSTEMPATH\CodeIgniter.php(502): CodeIgniter\CodeIgniter->runController(Object(App\Controllers\Home))
 4 SYSTEMPATH\CodeIgniter.php(361): CodeIgniter\CodeIgniter->handleRequest(null, Object(Config\Cache), false)
 5 FCPATH\index.php(79): CodeIgniter\CodeIgniter->run()
 6 SYSTEMPATH\Commands\Server\rewrite.php(47): require_once('C:\\Users\\cssmi\\Documents\\Kuliah\\Sistem Informasi Eksekutif\\SIEKedelaiMataram\\public\\index.php')
CRITICAL - 2023-12-09 14:22:22 --> Undefined array key "year"
in APPPATH\Controllers\Home.php on line 33.
 1 APPPATH\Controllers\Home.php(33): CodeIgniter\Debug\Exceptions->errorHandler(2, 'Undefined array key "year"', 'C:\\Users\\cssmi\\Documents\\Kuliah\\Sistem Informasi Eksekutif\\SIEKedelaiMataram\\app\\Controllers\\Home.php', 33)
 2 SYSTEMPATH\CodeIgniter.php(942): App\Controllers\Home->detail('1')
 3 SYSTEMPATH\CodeIgniter.php(502): CodeIgniter\CodeIgniter->runController(Object(App\Controllers\Home))
 4 SYSTEMPATH\CodeIgniter.php(361): CodeIgniter\CodeIgniter->handleRequest(null, Object(Config\Cache), false)
 5 FCPATH\index.php(79): CodeIgniter\CodeIgniter->run()
 6 SYSTEMPATH\Commands\Server\rewrite.php(47): require_once('C:\\Users\\cssmi\\Documents\\Kuliah\\Sistem Informasi Eksekutif\\SIEKedelaiMataram\\public\\index.php')
CRITICAL - 2023-12-09 14:23:43 --> Attempt to read property "years" on array
in APPPATH\Controllers\Home.php on line 33.
 1 APPPATH\Controllers\Home.php(33): CodeIgniter\Debug\Exceptions->errorHandler(2, 'Attempt to read property "years" on array', 'C:\\Users\\cssmi\\Documents\\Kuliah\\Sistem Informasi Eksekutif\\SIEKedelaiMataram\\app\\Controllers\\Home.php', 33)
 2 SYSTEMPATH\CodeIgniter.php(942): App\Controllers\Home->detail('1')
 3 SYSTEMPATH\CodeIgniter.php(502): CodeIgniter\CodeIgniter->runController(Object(App\Controllers\Home))
 4 SYSTEMPATH\CodeIgniter.php(361): CodeIgniter\CodeIgniter->handleRequest(null, Object(Config\Cache), false)
 5 FCPATH\index.php(79): CodeIgniter\CodeIgniter->run()
 6 SYSTEMPATH\Commands\Server\rewrite.php(47): require_once('C:\\Users\\cssmi\\Documents\\Kuliah\\Sistem Informasi Eksekutif\\SIEKedelaiMataram\\public\\index.php')
CRITICAL - 2023-12-09 14:26:36 --> Cannot use object of type stdClass as array
in APPPATH\Views\Detail\index.php on line 105.
 1 SYSTEMPATH\View\View.php(228): include()
 2 SYSTEMPATH\View\View.php(231): CodeIgniter\View\View->CodeIgniter\View\{closure}()
 3 SYSTEMPATH\Common.php(1190): CodeIgniter\View\View->render('detail/index', [], true)
 4 APPPATH\Controllers\Home.php(37): view('detail/index', [...])
 5 SYSTEMPATH\CodeIgniter.php(942): App\Controllers\Home->detail('1')
 6 SYSTEMPATH\CodeIgniter.php(502): CodeIgniter\CodeIgniter->runController(Object(App\Controllers\Home))
 7 SYSTEMPATH\CodeIgniter.php(361): CodeIgniter\CodeIgniter->handleRequest(null, Object(Config\Cache), false)
 8 FCPATH\index.php(79): CodeIgniter\CodeIgniter->run()
 9 SYSTEMPATH\Commands\Server\rewrite.php(47): require_once('C:\\Users\\cssmi\\Documents\\Kuliah\\Sistem Informasi Eksekutif\\SIEKedelaiMataram\\public\\index.php')
CRITICAL - 2023-12-09 14:33:32 --> Undefined array key "landAreaTotal"
in APPPATH\Views\Detail\index.php on line 106.
 1 APPPATH\Views\Detail\index.php(106): CodeIgniter\Debug\Exceptions->errorHandler(2, 'Undefined array key "landAreaTotal"', 'C:\\Users\\cssmi\\Documents\\Kuliah\\Sistem Informasi Eksekutif\\SIEKedelaiMataram\\app\\Views\\Detail\\index.php', 106)
 2 SYSTEMPATH\View\View.php(228): include('C:\\Users\\cssmi\\Documents\\Kuliah\\Sistem Informasi Eksekutif\\SIEKedelaiMataram\\app\\Views\\Detail\\index.php')
 3 SYSTEMPATH\View\View.php(231): CodeIgniter\View\View->CodeIgniter\View\{closure}()
 4 SYSTEMPATH\Common.php(1190): CodeIgniter\View\View->render('detail/index', [], true)
 5 APPPATH\Controllers\Home.php(37): view('detail/index', [...])
 6 SYSTEMPATH\CodeIgniter.php(942): App\Controllers\Home->detail('1')
 7 SYSTEMPATH\CodeIgniter.php(502): CodeIgniter\CodeIgniter->runController(Object(App\Controllers\Home))
 8 SYSTEMPATH\CodeIgniter.php(361): CodeIgniter\CodeIgniter->handleRequest(null, Object(Config\Cache), false)
 9 FCPATH\index.php(79): CodeIgniter\CodeIgniter->run()
10 SYSTEMPATH\Commands\Server\rewrite.php(47): require_once('C:\\Users\\cssmi\\Documents\\Kuliah\\Sistem Informasi Eksekutif\\SIEKedelaiMataram\\public\\index.php')
CRITICAL - 2023-12-09 14:43:02 --> Undefined array key "production_total"
in APPPATH\Views\Detail\index.php on line 106.
 1 APPPATH\Views\Detail\index.php(106): CodeIgniter\Debug\Exceptions->errorHandler(2, 'Undefined array key "production_total"', 'C:\\Users\\cssmi\\Documents\\Kuliah\\Sistem Informasi Eksekutif\\SIEKedelaiMataram\\app\\Views\\Detail\\index.php', 106)
 2 SYSTEMPATH\View\View.php(228): include('C:\\Users\\cssmi\\Documents\\Kuliah\\Sistem Informasi Eksekutif\\SIEKedelaiMataram\\app\\Views\\Detail\\index.php')
 3 SYSTEMPATH\View\View.php(231): CodeIgniter\View\View->CodeIgniter\View\{closure}()
 4 SYSTEMPATH\Common.php(1190): CodeIgniter\View\View->render('detail/index', [], true)
 5 APPPATH\Controllers\Home.php(41): view('detail/index', [...])
 6 SYSTEMPATH\CodeIgniter.php(942): App\Controllers\Home->detail('2')
 7 SYSTEMPATH\CodeIgniter.php(502): CodeIgniter\CodeIgniter->runController(Object(App\Controllers\Home))
 8 SYSTEMPATH\CodeIgniter.php(361): CodeIgniter\CodeIgniter->handleRequest(null, Object(Config\Cache), false)
 9 FCPATH\index.php(79): CodeIgniter\CodeIgniter->run()
10 SYSTEMPATH\Commands\Server\rewrite.php(47): require_once('C:\\Users\\cssmi\\Documents\\Kuliah\\Sistem Informasi Eksekutif\\SIEKedelaiMataram\\public\\index.php')
CRITICAL - 2023-12-09 14:43:25 --> Undefined variable $all_datas
in APPPATH\Views\Detail\index.php on line 102.
 1 APPPATH\Views\Detail\index.php(102): CodeIgniter\Debug\Exceptions->errorHandler(2, 'Undefined variable $all_datas', 'C:\\Users\\cssmi\\Documents\\Kuliah\\Sistem Informasi Eksekutif\\SIEKedelaiMataram\\app\\Views\\Detail\\index.php', 102)
 2 SYSTEMPATH\View\View.php(228): include('C:\\Users\\cssmi\\Documents\\Kuliah\\Sistem Informasi Eksekutif\\SIEKedelaiMataram\\app\\Views\\Detail\\index.php')
 3 SYSTEMPATH\View\View.php(231): CodeIgniter\View\View->CodeIgniter\View\{closure}()
 4 SYSTEMPATH\Common.php(1190): CodeIgniter\View\View->render('detail/index', [], true)
 5 APPPATH\Controllers\Home.php(41): view('detail/index', [...])
 6 SYSTEMPATH\CodeIgniter.php(942): App\Controllers\Home->detail('2')
 7 SYSTEMPATH\CodeIgniter.php(502): CodeIgniter\CodeIgniter->runController(Object(App\Controllers\Home))
 8 SYSTEMPATH\CodeIgniter.php(361): CodeIgniter\CodeIgniter->handleRequest(null, Object(Config\Cache), false)
 9 FCPATH\index.php(79): CodeIgniter\CodeIgniter->run()
10 SYSTEMPATH\Commands\Server\rewrite.php(47): require_once('C:\\Users\\cssmi\\Documents\\Kuliah\\Sistem Informasi Eksekutif\\SIEKedelaiMataram\\public\\index.php')
CRITICAL - 2023-12-09 14:44:53 --> Undefined array key "production_detail_value"
in APPPATH\Views\Detail\index.php on line 107.
 1 APPPATH\Views\Detail\index.php(107): CodeIgniter\Debug\Exceptions->errorHandler(2, 'Undefined array key "production_detail_value"', 'C:\\Users\\cssmi\\Documents\\Kuliah\\Sistem Informasi Eksekutif\\SIEKedelaiMataram\\app\\Views\\Detail\\index.php', 107)
 2 SYSTEMPATH\View\View.php(228): include('C:\\Users\\cssmi\\Documents\\Kuliah\\Sistem Informasi Eksekutif\\SIEKedelaiMataram\\app\\Views\\Detail\\index.php')
 3 SYSTEMPATH\View\View.php(231): CodeIgniter\View\View->CodeIgniter\View\{closure}()
 4 SYSTEMPATH\Common.php(1190): CodeIgniter\View\View->render('detail/index', [], true)
 5 APPPATH\Controllers\Home.php(41): view('detail/index', [...])
 6 SYSTEMPATH\CodeIgniter.php(942): App\Controllers\Home->detail('2')
 7 SYSTEMPATH\CodeIgniter.php(502): CodeIgniter\CodeIgniter->runController(Object(App\Controllers\Home))
 8 SYSTEMPATH\CodeIgniter.php(361): CodeIgniter\CodeIgniter->handleRequest(null, Object(Config\Cache), false)
 9 FCPATH\index.php(79): CodeIgniter\CodeIgniter->run()
10 SYSTEMPATH\Commands\Server\rewrite.php(47): require_once('C:\\Users\\cssmi\\Documents\\Kuliah\\Sistem Informasi Eksekutif\\SIEKedelaiMataram\\public\\index.php')
CRITICAL - 2023-12-09 14:45:27 --> Undefined array key "production_detail_value"
in APPPATH\Views\Detail\index.php on line 107.
 1 APPPATH\Views\Detail\index.php(107): CodeIgniter\Debug\Exceptions->errorHandler(2, 'Undefined array key "production_detail_value"', 'C:\\Users\\cssmi\\Documents\\Kuliah\\Sistem Informasi Eksekutif\\SIEKedelaiMataram\\app\\Views\\Detail\\index.php', 107)
 2 SYSTEMPATH\View\View.php(228): include('C:\\Users\\cssmi\\Documents\\Kuliah\\Sistem Informasi Eksekutif\\SIEKedelaiMataram\\app\\Views\\Detail\\index.php')
 3 SYSTEMPATH\View\View.php(231): CodeIgniter\View\View->CodeIgniter\View\{closure}()
 4 SYSTEMPATH\Common.php(1190): CodeIgniter\View\View->render('detail/index', [], true)
 5 APPPATH\Controllers\Home.php(41): view('detail/index', [...])
 6 SYSTEMPATH\CodeIgniter.php(942): App\Controllers\Home->detail('2')
 7 SYSTEMPATH\CodeIgniter.php(502): CodeIgniter\CodeIgniter->runController(Object(App\Controllers\Home))
 8 SYSTEMPATH\CodeIgniter.php(361): CodeIgniter\CodeIgniter->handleRequest(null, Object(Config\Cache), false)
 9 FCPATH\index.php(79): CodeIgniter\CodeIgniter->run()
10 SYSTEMPATH\Commands\Server\rewrite.php(47): require_once('C:\\Users\\cssmi\\Documents\\Kuliah\\Sistem Informasi Eksekutif\\SIEKedelaiMataram\\public\\index.php')
CRITICAL - 2023-12-09 14:54:25 --> Attempt to read property "year" on array
in APPPATH\Controllers\Home.php on line 44.
 1 APPPATH\Controllers\Home.php(44): CodeIgniter\Debug\Exceptions->errorHandler(2, 'Attempt to read property "year" on array', 'C:\\Users\\cssmi\\Documents\\Kuliah\\Sistem Informasi Eksekutif\\SIEKedelaiMataram\\app\\Controllers\\Home.php', 44)
 2 SYSTEMPATH\CodeIgniter.php(942): App\Controllers\Home->detail('2')
 3 SYSTEMPATH\CodeIgniter.php(502): CodeIgniter\CodeIgniter->runController(Object(App\Controllers\Home))
 4 SYSTEMPATH\CodeIgniter.php(361): CodeIgniter\CodeIgniter->handleRequest(null, Object(Config\Cache), false)
 5 FCPATH\index.php(79): CodeIgniter\CodeIgniter->run()
 6 SYSTEMPATH\Commands\Server\rewrite.php(47): require_once('C:\\Users\\cssmi\\Documents\\Kuliah\\Sistem Informasi Eksekutif\\SIEKedelaiMataram\\public\\index.php')
CRITICAL - 2023-12-09 14:56:25 --> Attempt to read property "year" on array
in APPPATH\Controllers\Home.php on line 42.
 1 APPPATH\Controllers\Home.php(42): CodeIgniter\Debug\Exceptions->errorHandler(2, 'Attempt to read property "year" on array', 'C:\\Users\\cssmi\\Documents\\Kuliah\\Sistem Informasi Eksekutif\\SIEKedelaiMataram\\app\\Controllers\\Home.php', 42)
 2 SYSTEMPATH\CodeIgniter.php(942): App\Controllers\Home->detail('2')
 3 SYSTEMPATH\CodeIgniter.php(502): CodeIgniter\CodeIgniter->runController(Object(App\Controllers\Home))
 4 SYSTEMPATH\CodeIgniter.php(361): CodeIgniter\CodeIgniter->handleRequest(null, Object(Config\Cache), false)
 5 FCPATH\index.php(79): CodeIgniter\CodeIgniter->run()
 6 SYSTEMPATH\Commands\Server\rewrite.php(47): require_once('C:\\Users\\cssmi\\Documents\\Kuliah\\Sistem Informasi Eksekutif\\SIEKedelaiMataram\\public\\index.php')
CRITICAL - 2023-12-09 14:56:49 --> Attempt to read property "year" on array
in APPPATH\Controllers\Home.php on line 42.
 1 APPPATH\Controllers\Home.php(42): CodeIgniter\Debug\Exceptions->errorHandler(2, 'Attempt to read property "year" on array', 'C:\\Users\\cssmi\\Documents\\Kuliah\\Sistem Informasi Eksekutif\\SIEKedelaiMataram\\app\\Controllers\\Home.php', 42)
 2 SYSTEMPATH\CodeIgniter.php(942): App\Controllers\Home->detail('2')
 3 SYSTEMPATH\CodeIgniter.php(502): CodeIgniter\CodeIgniter->runController(Object(App\Controllers\Home))
 4 SYSTEMPATH\CodeIgniter.php(361): CodeIgniter\CodeIgniter->handleRequest(null, Object(Config\Cache), false)
 5 FCPATH\index.php(79): CodeIgniter\CodeIgniter->run()
 6 SYSTEMPATH\Commands\Server\rewrite.php(47): require_once('C:\\Users\\cssmi\\Documents\\Kuliah\\Sistem Informasi Eksekutif\\SIEKedelaiMataram\\public\\index.php')
CRITICAL - 2023-12-09 14:57:23 --> Attempt to read property "year" on array
in APPPATH\Controllers\Home.php on line 52.
 1 APPPATH\Controllers\Home.php(52): CodeIgniter\Debug\Exceptions->errorHandler(2, 'Attempt to read property "year" on array', 'C:\\Users\\cssmi\\Documents\\Kuliah\\Sistem Informasi Eksekutif\\SIEKedelaiMataram\\app\\Controllers\\Home.php', 52)
 2 SYSTEMPATH\CodeIgniter.php(942): App\Controllers\Home->detail('2')
 3 SYSTEMPATH\CodeIgniter.php(502): CodeIgniter\CodeIgniter->runController(Object(App\Controllers\Home))
 4 SYSTEMPATH\CodeIgniter.php(361): CodeIgniter\CodeIgniter->handleRequest(null, Object(Config\Cache), false)
 5 FCPATH\index.php(79): CodeIgniter\CodeIgniter->run()
 6 SYSTEMPATH\Commands\Server\rewrite.php(47): require_once('C:\\Users\\cssmi\\Documents\\Kuliah\\Sistem Informasi Eksekutif\\SIEKedelaiMataram\\public\\index.php')
CRITICAL - 2023-12-09 15:04:13 --> Attempt to read property "year" on array
in APPPATH\Controllers\Home.php on line 43.
 1 APPPATH\Controllers\Home.php(43): CodeIgniter\Debug\Exceptions->errorHandler(2, 'Attempt to read property "year" on array', 'C:\\Users\\cssmi\\Documents\\Kuliah\\Sistem Informasi Eksekutif\\SIEKedelaiMataram\\app\\Controllers\\Home.php', 43)
 2 SYSTEMPATH\CodeIgniter.php(942): App\Controllers\Home->detail('2')
 3 SYSTEMPATH\CodeIgniter.php(502): CodeIgniter\CodeIgniter->runController(Object(App\Controllers\Home))
 4 SYSTEMPATH\CodeIgniter.php(361): CodeIgniter\CodeIgniter->handleRequest(null, Object(Config\Cache), false)
 5 FCPATH\index.php(79): CodeIgniter\CodeIgniter->run()
 6 SYSTEMPATH\Commands\Server\rewrite.php(47): require_once('C:\\Users\\cssmi\\Documents\\Kuliah\\Sistem Informasi Eksekutif\\SIEKedelaiMataram\\public\\index.php')
CRITICAL - 2023-12-09 15:06:13 --> Attempt to read property "year" on array
in APPPATH\Controllers\Home.php on line 43.
 1 APPPATH\Controllers\Home.php(43): CodeIgniter\Debug\Exceptions->errorHandler(2, 'Attempt to read property "year" on array', 'C:\\Users\\cssmi\\Documents\\Kuliah\\Sistem Informasi Eksekutif\\SIEKedelaiMataram\\app\\Controllers\\Home.php', 43)
 2 SYSTEMPATH\CodeIgniter.php(942): App\Controllers\Home->detail('2')
 3 SYSTEMPATH\CodeIgniter.php(502): CodeIgniter\CodeIgniter->runController(Object(App\Controllers\Home))
 4 SYSTEMPATH\CodeIgniter.php(361): CodeIgniter\CodeIgniter->handleRequest(null, Object(Config\Cache), false)
 5 FCPATH\index.php(79): CodeIgniter\CodeIgniter->run()
 6 SYSTEMPATH\Commands\Server\rewrite.php(47): require_once('C:\\Users\\cssmi\\Documents\\Kuliah\\Sistem Informasi Eksekutif\\SIEKedelaiMataram\\public\\index.php')
CRITICAL - 2023-12-09 15:11:03 --> Undefined array key "productionTotal"
in APPPATH\Views\Detail\index.php on line 108.
 1 APPPATH\Views\Detail\index.php(108): CodeIgniter\Debug\Exceptions->errorHandler(2, 'Undefined array key "productionTotal"', 'C:\\Users\\cssmi\\Documents\\Kuliah\\Sistem Informasi Eksekutif\\SIEKedelaiMataram\\app\\Views\\Detail\\index.php', 108)
 2 SYSTEMPATH\View\View.php(228): include('C:\\Users\\cssmi\\Documents\\Kuliah\\Sistem Informasi Eksekutif\\SIEKedelaiMataram\\app\\Views\\Detail\\index.php')
 3 SYSTEMPATH\View\View.php(231): CodeIgniter\View\View->CodeIgniter\View\{closure}()
 4 SYSTEMPATH\Common.php(1190): CodeIgniter\View\View->render('detail/index', [], true)
 5 APPPATH\Controllers\Home.php(70): view('detail/index', [...])
 6 SYSTEMPATH\CodeIgniter.php(942): App\Controllers\Home->detail('1')
 7 SYSTEMPATH\CodeIgniter.php(502): CodeIgniter\CodeIgniter->runController(Object(App\Controllers\Home))
 8 SYSTEMPATH\CodeIgniter.php(361): CodeIgniter\CodeIgniter->handleRequest(null, Object(Config\Cache), false)
 9 FCPATH\index.php(79): CodeIgniter\CodeIgniter->run()
10 SYSTEMPATH\Commands\Server\rewrite.php(47): require_once('C:\\Users\\cssmi\\Documents\\Kuliah\\Sistem Informasi Eksekutif\\SIEKedelaiMataram\\public\\index.php')
CRITICAL - 2023-12-09 15:13:42 --> Undefined array key "production_detail_value"
in APPPATH\Controllers\Home.php on line 49.
 1 APPPATH\Controllers\Home.php(49): CodeIgniter\Debug\Exceptions->errorHandler(2, 'Undefined array key "production_detail_value"', 'C:\\Users\\cssmi\\Documents\\Kuliah\\Sistem Informasi Eksekutif\\SIEKedelaiMataram\\app\\Controllers\\Home.php', 49)
 2 SYSTEMPATH\CodeIgniter.php(942): App\Controllers\Home->detail('1')
 3 SYSTEMPATH\CodeIgniter.php(502): CodeIgniter\CodeIgniter->runController(Object(App\Controllers\Home))
 4 SYSTEMPATH\CodeIgniter.php(361): CodeIgniter\CodeIgniter->handleRequest(null, Object(Config\Cache), false)
 5 FCPATH\index.php(79): CodeIgniter\CodeIgniter->run()
 6 SYSTEMPATH\Commands\Server\rewrite.php(47): require_once('C:\\Users\\cssmi\\Documents\\Kuliah\\Sistem Informasi Eksekutif\\SIEKedelaiMataram\\public\\index.php')
CRITICAL - 2023-12-09 15:16:04 --> Undefined array key "land_area_value"
in APPPATH\Controllers\Home.php on line 43.
 1 APPPATH\Controllers\Home.php(43): CodeIgniter\Debug\Exceptions->errorHandler(2, 'Undefined array key "land_area_value"', 'C:\\Users\\cssmi\\Documents\\Kuliah\\Sistem Informasi Eksekutif\\SIEKedelaiMataram\\app\\Controllers\\Home.php', 43)
 2 SYSTEMPATH\CodeIgniter.php(942): App\Controllers\Home->detail('1')
 3 SYSTEMPATH\CodeIgniter.php(502): CodeIgniter\CodeIgniter->runController(Object(App\Controllers\Home))
 4 SYSTEMPATH\CodeIgniter.php(361): CodeIgniter\CodeIgniter->handleRequest(null, Object(Config\Cache), false)
 5 FCPATH\index.php(79): CodeIgniter\CodeIgniter->run()
 6 SYSTEMPATH\Commands\Server\rewrite.php(47): require_once('C:\\Users\\cssmi\\Documents\\Kuliah\\Sistem Informasi Eksekutif\\SIEKedelaiMataram\\public\\index.php')
CRITICAL - 2023-12-09 15:17:29 --> Undefined array key "productionTotal"
in APPPATH\Views\Detail\index.php on line 108.
 1 APPPATH\Views\Detail\index.php(108): CodeIgniter\Debug\Exceptions->errorHandler(2, 'Undefined array key "productionTotal"', 'C:\\Users\\cssmi\\Documents\\Kuliah\\Sistem Informasi Eksekutif\\SIEKedelaiMataram\\app\\Views\\Detail\\index.php', 108)
 2 SYSTEMPATH\View\View.php(228): include('C:\\Users\\cssmi\\Documents\\Kuliah\\Sistem Informasi Eksekutif\\SIEKedelaiMataram\\app\\Views\\Detail\\index.php')
 3 SYSTEMPATH\View\View.php(231): CodeIgniter\View\View->CodeIgniter\View\{closure}()
 4 SYSTEMPATH\Common.php(1190): CodeIgniter\View\View->render('detail/index', [], true)
 5 APPPATH\Controllers\Home.php(69): view('detail/index', [...])
 6 SYSTEMPATH\CodeIgniter.php(942): App\Controllers\Home->detail('1')
 7 SYSTEMPATH\CodeIgniter.php(502): CodeIgniter\CodeIgniter->runController(Object(App\Controllers\Home))
 8 SYSTEMPATH\CodeIgniter.php(361): CodeIgniter\CodeIgniter->handleRequest(null, Object(Config\Cache), false)
 9 FCPATH\index.php(79): CodeIgniter\CodeIgniter->run()
10 SYSTEMPATH\Commands\Server\rewrite.php(47): require_once('C:\\Users\\cssmi\\Documents\\Kuliah\\Sistem Informasi Eksekutif\\SIEKedelaiMataram\\public\\index.php')
CRITICAL - 2023-12-09 15:18:07 --> Undefined array key "productionTotal"
in APPPATH\Views\Detail\index.php on line 108.
 1 APPPATH\Views\Detail\index.php(108): CodeIgniter\Debug\Exceptions->errorHandler(2, 'Undefined array key "productionTotal"', 'C:\\Users\\cssmi\\Documents\\Kuliah\\Sistem Informasi Eksekutif\\SIEKedelaiMataram\\app\\Views\\Detail\\index.php', 108)
 2 SYSTEMPATH\View\View.php(228): include('C:\\Users\\cssmi\\Documents\\Kuliah\\Sistem Informasi Eksekutif\\SIEKedelaiMataram\\app\\Views\\Detail\\index.php')
 3 SYSTEMPATH\View\View.php(231): CodeIgniter\View\View->CodeIgniter\View\{closure}()
 4 SYSTEMPATH\Common.php(1190): CodeIgniter\View\View->render('detail/index', [], true)
 5 APPPATH\Controllers\Home.php(69): view('detail/index', [...])
 6 SYSTEMPATH\CodeIgniter.php(942): App\Controllers\Home->detail('1')
 7 SYSTEMPATH\CodeIgniter.php(502): CodeIgniter\CodeIgniter->runController(Object(App\Controllers\Home))
 8 SYSTEMPATH\CodeIgniter.php(361): CodeIgniter\CodeIgniter->handleRequest(null, Object(Config\Cache), false)
 9 FCPATH\index.php(79): CodeIgniter\CodeIgniter->run()
10 SYSTEMPATH\Commands\Server\rewrite.php(47): require_once('C:\\Users\\cssmi\\Documents\\Kuliah\\Sistem Informasi Eksekutif\\SIEKedelaiMataram\\public\\index.php')
CRITICAL - 2023-12-09 15:18:07 --> Undefined array key "productionTotal"
in APPPATH\Views\Detail\index.php on line 108.
 1 APPPATH\Views\Detail\index.php(108): CodeIgniter\Debug\Exceptions->errorHandler(2, 'Undefined array key "productionTotal"', 'C:\\Users\\cssmi\\Documents\\Kuliah\\Sistem Informasi Eksekutif\\SIEKedelaiMataram\\app\\Views\\Detail\\index.php', 108)
 2 SYSTEMPATH\View\View.php(228): include('C:\\Users\\cssmi\\Documents\\Kuliah\\Sistem Informasi Eksekutif\\SIEKedelaiMataram\\app\\Views\\Detail\\index.php')
 3 SYSTEMPATH\View\View.php(231): CodeIgniter\View\View->CodeIgniter\View\{closure}()
 4 SYSTEMPATH\Common.php(1190): CodeIgniter\View\View->render('detail/index', [], true)
 5 APPPATH\Controllers\Home.php(69): view('detail/index', [...])
 6 SYSTEMPATH\CodeIgniter.php(942): App\Controllers\Home->detail('1')
 7 SYSTEMPATH\CodeIgniter.php(502): CodeIgniter\CodeIgniter->runController(Object(App\Controllers\Home))
 8 SYSTEMPATH\CodeIgniter.php(361): CodeIgniter\CodeIgniter->handleRequest(null, Object(Config\Cache), false)
 9 FCPATH\index.php(79): CodeIgniter\CodeIgniter->run()
10 SYSTEMPATH\Commands\Server\rewrite.php(47): require_once('C:\\Users\\cssmi\\Documents\\Kuliah\\Sistem Informasi Eksekutif\\SIEKedelaiMataram\\public\\index.php')
CRITICAL - 2023-12-09 15:18:08 --> Undefined array key "productionTotal"
in APPPATH\Views\Detail\index.php on line 108.
 1 APPPATH\Views\Detail\index.php(108): CodeIgniter\Debug\Exceptions->errorHandler(2, 'Undefined array key "productionTotal"', 'C:\\Users\\cssmi\\Documents\\Kuliah\\Sistem Informasi Eksekutif\\SIEKedelaiMataram\\app\\Views\\Detail\\index.php', 108)
 2 SYSTEMPATH\View\View.php(228): include('C:\\Users\\cssmi\\Documents\\Kuliah\\Sistem Informasi Eksekutif\\SIEKedelaiMataram\\app\\Views\\Detail\\index.php')
 3 SYSTEMPATH\View\View.php(231): CodeIgniter\View\View->CodeIgniter\View\{closure}()
 4 SYSTEMPATH\Common.php(1190): CodeIgniter\View\View->render('detail/index', [], true)
 5 APPPATH\Controllers\Home.php(69): view('detail/index', [...])
 6 SYSTEMPATH\CodeIgniter.php(942): App\Controllers\Home->detail('1')
 7 SYSTEMPATH\CodeIgniter.php(502): CodeIgniter\CodeIgniter->runController(Object(App\Controllers\Home))
 8 SYSTEMPATH\CodeIgniter.php(361): CodeIgniter\CodeIgniter->handleRequest(null, Object(Config\Cache), false)
 9 FCPATH\index.php(79): CodeIgniter\CodeIgniter->run()
10 SYSTEMPATH\Commands\Server\rewrite.php(47): require_once('C:\\Users\\cssmi\\Documents\\Kuliah\\Sistem Informasi Eksekutif\\SIEKedelaiMataram\\public\\index.php')
CRITICAL - 2023-12-09 15:18:08 --> Undefined array key "productionTotal"
in APPPATH\Views\Detail\index.php on line 108.
 1 APPPATH\Views\Detail\index.php(108): CodeIgniter\Debug\Exceptions->errorHandler(2, 'Undefined array key "productionTotal"', 'C:\\Users\\cssmi\\Documents\\Kuliah\\Sistem Informasi Eksekutif\\SIEKedelaiMataram\\app\\Views\\Detail\\index.php', 108)
 2 SYSTEMPATH\View\View.php(228): include('C:\\Users\\cssmi\\Documents\\Kuliah\\Sistem Informasi Eksekutif\\SIEKedelaiMataram\\app\\Views\\Detail\\index.php')
 3 SYSTEMPATH\View\View.php(231): CodeIgniter\View\View->CodeIgniter\View\{closure}()
 4 SYSTEMPATH\Common.php(1190): CodeIgniter\View\View->render('detail/index', [], true)
 5 APPPATH\Controllers\Home.php(69): view('detail/index', [...])
 6 SYSTEMPATH\CodeIgniter.php(942): App\Controllers\Home->detail('1')
 7 SYSTEMPATH\CodeIgniter.php(502): CodeIgniter\CodeIgniter->runController(Object(App\Controllers\Home))
 8 SYSTEMPATH\CodeIgniter.php(361): CodeIgniter\CodeIgniter->handleRequest(null, Object(Config\Cache), false)
 9 FCPATH\index.php(79): CodeIgniter\CodeIgniter->run()
10 SYSTEMPATH\Commands\Server\rewrite.php(47): require_once('C:\\Users\\cssmi\\Documents\\Kuliah\\Sistem Informasi Eksekutif\\SIEKedelaiMataram\\public\\index.php')
CRITICAL - 2023-12-09 15:18:08 --> Undefined array key "productionTotal"
in APPPATH\Views\Detail\index.php on line 108.
 1 APPPATH\Views\Detail\index.php(108): CodeIgniter\Debug\Exceptions->errorHandler(2, 'Undefined array key "productionTotal"', 'C:\\Users\\cssmi\\Documents\\Kuliah\\Sistem Informasi Eksekutif\\SIEKedelaiMataram\\app\\Views\\Detail\\index.php', 108)
 2 SYSTEMPATH\View\View.php(228): include('C:\\Users\\cssmi\\Documents\\Kuliah\\Sistem Informasi Eksekutif\\SIEKedelaiMataram\\app\\Views\\Detail\\index.php')
 3 SYSTEMPATH\View\View.php(231): CodeIgniter\View\View->CodeIgniter\View\{closure}()
 4 SYSTEMPATH\Common.php(1190): CodeIgniter\View\View->render('detail/index', [], true)
 5 APPPATH\Controllers\Home.php(69): view('detail/index', [...])
 6 SYSTEMPATH\CodeIgniter.php(942): App\Controllers\Home->detail('1')
 7 SYSTEMPATH\CodeIgniter.php(502): CodeIgniter\CodeIgniter->runController(Object(App\Controllers\Home))
 8 SYSTEMPATH\CodeIgniter.php(361): CodeIgniter\CodeIgniter->handleRequest(null, Object(Config\Cache), false)
 9 FCPATH\index.php(79): CodeIgniter\CodeIgniter->run()
10 SYSTEMPATH\Commands\Server\rewrite.php(47): require_once('C:\\Users\\cssmi\\Documents\\Kuliah\\Sistem Informasi Eksekutif\\SIEKedelaiMataram\\public\\index.php')
CRITICAL - 2023-12-09 15:19:31 --> Undefined array key "productionTotal"
in APPPATH\Views\Detail\index.php on line 108.
 1 APPPATH\Views\Detail\index.php(108): CodeIgniter\Debug\Exceptions->errorHandler(2, 'Undefined array key "productionTotal"', 'C:\\Users\\cssmi\\Documents\\Kuliah\\Sistem Informasi Eksekutif\\SIEKedelaiMataram\\app\\Views\\Detail\\index.php', 108)
 2 SYSTEMPATH\View\View.php(228): include('C:\\Users\\cssmi\\Documents\\Kuliah\\Sistem Informasi Eksekutif\\SIEKedelaiMataram\\app\\Views\\Detail\\index.php')
 3 SYSTEMPATH\View\View.php(231): CodeIgniter\View\View->CodeIgniter\View\{closure}()
 4 SYSTEMPATH\Common.php(1190): CodeIgniter\View\View->render('detail/index', [], true)
 5 APPPATH\Controllers\Home.php(69): view('detail/index', [...])
 6 SYSTEMPATH\CodeIgniter.php(942): App\Controllers\Home->detail('1')
 7 SYSTEMPATH\CodeIgniter.php(502): CodeIgniter\CodeIgniter->runController(Object(App\Controllers\Home))
 8 SYSTEMPATH\CodeIgniter.php(361): CodeIgniter\CodeIgniter->handleRequest(null, Object(Config\Cache), false)
 9 FCPATH\index.php(79): CodeIgniter\CodeIgniter->run()
10 SYSTEMPATH\Commands\Server\rewrite.php(47): require_once('C:\\Users\\cssmi\\Documents\\Kuliah\\Sistem Informasi Eksekutif\\SIEKedelaiMataram\\public\\index.php')
CRITICAL - 2023-12-09 15:19:41 --> Undefined array key "productionTotal"
in APPPATH\Views\Detail\index.php on line 108.
 1 APPPATH\Views\Detail\index.php(108): CodeIgniter\Debug\Exceptions->errorHandler(2, 'Undefined array key "productionTotal"', 'C:\\Users\\cssmi\\Documents\\Kuliah\\Sistem Informasi Eksekutif\\SIEKedelaiMataram\\app\\Views\\Detail\\index.php', 108)
 2 SYSTEMPATH\View\View.php(228): include('C:\\Users\\cssmi\\Documents\\Kuliah\\Sistem Informasi Eksekutif\\SIEKedelaiMataram\\app\\Views\\Detail\\index.php')
 3 SYSTEMPATH\View\View.php(231): CodeIgniter\View\View->CodeIgniter\View\{closure}()
 4 SYSTEMPATH\Common.php(1190): CodeIgniter\View\View->render('detail/index', [], true)
 5 APPPATH\Controllers\Home.php(69): view('detail/index', [...])
 6 SYSTEMPATH\CodeIgniter.php(942): App\Controllers\Home->detail('1')
 7 SYSTEMPATH\CodeIgniter.php(502): CodeIgniter\CodeIgniter->runController(Object(App\Controllers\Home))
 8 SYSTEMPATH\CodeIgniter.php(361): CodeIgniter\CodeIgniter->handleRequest(null, Object(Config\Cache), false)
 9 FCPATH\index.php(79): CodeIgniter\CodeIgniter->run()
10 SYSTEMPATH\Commands\Server\rewrite.php(47): require_once('C:\\Users\\cssmi\\Documents\\Kuliah\\Sistem Informasi Eksekutif\\SIEKedelaiMataram\\public\\index.php')
CRITICAL - 2023-12-09 15:19:46 --> Undefined array key "productionTotal"
in APPPATH\Views\Detail\index.php on line 108.
 1 APPPATH\Views\Detail\index.php(108): CodeIgniter\Debug\Exceptions->errorHandler(2, 'Undefined array key "productionTotal"', 'C:\\Users\\cssmi\\Documents\\Kuliah\\Sistem Informasi Eksekutif\\SIEKedelaiMataram\\app\\Views\\Detail\\index.php', 108)
 2 SYSTEMPATH\View\View.php(228): include('C:\\Users\\cssmi\\Documents\\Kuliah\\Sistem Informasi Eksekutif\\SIEKedelaiMataram\\app\\Views\\Detail\\index.php')
 3 SYSTEMPATH\View\View.php(231): CodeIgniter\View\View->CodeIgniter\View\{closure}()
 4 SYSTEMPATH\Common.php(1190): CodeIgniter\View\View->render('detail/index', [], true)
 5 APPPATH\Controllers\Home.php(69): view('detail/index', [...])
 6 SYSTEMPATH\CodeIgniter.php(942): App\Controllers\Home->detail('3')
 7 SYSTEMPATH\CodeIgniter.php(502): CodeIgniter\CodeIgniter->runController(Object(App\Controllers\Home))
 8 SYSTEMPATH\CodeIgniter.php(361): CodeIgniter\CodeIgniter->handleRequest(null, Object(Config\Cache), false)
 9 FCPATH\index.php(79): CodeIgniter\CodeIgniter->run()
10 SYSTEMPATH\Commands\Server\rewrite.php(47): require_once('C:\\Users\\cssmi\\Documents\\Kuliah\\Sistem Informasi Eksekutif\\SIEKedelaiMataram\\public\\index.php')
CRITICAL - 2023-12-09 15:19:54 --> Undefined array key "productionTotal"
in APPPATH\Views\Detail\index.php on line 108.
 1 APPPATH\Views\Detail\index.php(108): CodeIgniter\Debug\Exceptions->errorHandler(2, 'Undefined array key "productionTotal"', 'C:\\Users\\cssmi\\Documents\\Kuliah\\Sistem Informasi Eksekutif\\SIEKedelaiMataram\\app\\Views\\Detail\\index.php', 108)
 2 SYSTEMPATH\View\View.php(228): include('C:\\Users\\cssmi\\Documents\\Kuliah\\Sistem Informasi Eksekutif\\SIEKedelaiMataram\\app\\Views\\Detail\\index.php')
 3 SYSTEMPATH\View\View.php(231): CodeIgniter\View\View->CodeIgniter\View\{closure}()
 4 SYSTEMPATH\Common.php(1190): CodeIgniter\View\View->render('detail/index', [], true)
 5 APPPATH\Controllers\Home.php(69): view('detail/index', [...])
 6 SYSTEMPATH\CodeIgniter.php(942): App\Controllers\Home->detail('1')
 7 SYSTEMPATH\CodeIgniter.php(502): CodeIgniter\CodeIgniter->runController(Object(App\Controllers\Home))
 8 SYSTEMPATH\CodeIgniter.php(361): CodeIgniter\CodeIgniter->handleRequest(null, Object(Config\Cache), false)
 9 FCPATH\index.php(79): CodeIgniter\CodeIgniter->run()
10 SYSTEMPATH\Commands\Server\rewrite.php(47): require_once('C:\\Users\\cssmi\\Documents\\Kuliah\\Sistem Informasi Eksekutif\\SIEKedelaiMataram\\public\\index.php')
CRITICAL - 2023-12-09 15:22:25 --> Undefined array key "productionTotal"
in APPPATH\Views\Detail\index.php on line 108.
 1 APPPATH\Views\Detail\index.php(108): CodeIgniter\Debug\Exceptions->errorHandler(2, 'Undefined array key "productionTotal"', 'C:\\Users\\cssmi\\Documents\\Kuliah\\Sistem Informasi Eksekutif\\SIEKedelaiMataram\\app\\Views\\Detail\\index.php', 108)
 2 SYSTEMPATH\View\View.php(228): include('C:\\Users\\cssmi\\Documents\\Kuliah\\Sistem Informasi Eksekutif\\SIEKedelaiMataram\\app\\Views\\Detail\\index.php')
 3 SYSTEMPATH\View\View.php(231): CodeIgniter\View\View->CodeIgniter\View\{closure}()
 4 SYSTEMPATH\Common.php(1190): CodeIgniter\View\View->render('detail/index', [], true)
 5 APPPATH\Controllers\Home.php(69): view('detail/index', [...])
 6 SYSTEMPATH\CodeIgniter.php(942): App\Controllers\Home->detail('1')
 7 SYSTEMPATH\CodeIgniter.php(502): CodeIgniter\CodeIgniter->runController(Object(App\Controllers\Home))
 8 SYSTEMPATH\CodeIgniter.php(361): CodeIgniter\CodeIgniter->handleRequest(null, Object(Config\Cache), false)
 9 FCPATH\index.php(79): CodeIgniter\CodeIgniter->run()
10 SYSTEMPATH\Commands\Server\rewrite.php(47): require_once('C:\\Users\\cssmi\\Documents\\Kuliah\\Sistem Informasi Eksekutif\\SIEKedelaiMataram\\public\\index.php')
CRITICAL - 2023-12-09 15:24:42 --> Undefined array key "productionTotal"
in APPPATH\Views\Detail\index.php on line 108.
 1 APPPATH\Views\Detail\index.php(108): CodeIgniter\Debug\Exceptions->errorHandler(2, 'Undefined array key "productionTotal"', 'C:\\Users\\cssmi\\Documents\\Kuliah\\Sistem Informasi Eksekutif\\SIEKedelaiMataram\\app\\Views\\Detail\\index.php', 108)
 2 SYSTEMPATH\View\View.php(228): include('C:\\Users\\cssmi\\Documents\\Kuliah\\Sistem Informasi Eksekutif\\SIEKedelaiMataram\\app\\Views\\Detail\\index.php')
 3 SYSTEMPATH\View\View.php(231): CodeIgniter\View\View->CodeIgniter\View\{closure}()
 4 SYSTEMPATH\Common.php(1190): CodeIgniter\View\View->render('detail/index', [], true)
 5 APPPATH\Controllers\Home.php(70): view('detail/index', [...])
 6 SYSTEMPATH\CodeIgniter.php(942): App\Controllers\Home->detail('1')
 7 SYSTEMPATH\CodeIgniter.php(502): CodeIgniter\CodeIgniter->runController(Object(App\Controllers\Home))
 8 SYSTEMPATH\CodeIgniter.php(361): CodeIgniter\CodeIgniter->handleRequest(null, Object(Config\Cache), false)
 9 FCPATH\index.php(79): CodeIgniter\CodeIgniter->run()
10 SYSTEMPATH\Commands\Server\rewrite.php(47): require_once('C:\\Users\\cssmi\\Documents\\Kuliah\\Sistem Informasi Eksekutif\\SIEKedelaiMataram\\public\\index.php')
CRITICAL - 2023-12-09 15:24:43 --> Undefined array key "productionTotal"
in APPPATH\Views\Detail\index.php on line 108.
 1 APPPATH\Views\Detail\index.php(108): CodeIgniter\Debug\Exceptions->errorHandler(2, 'Undefined array key "productionTotal"', 'C:\\Users\\cssmi\\Documents\\Kuliah\\Sistem Informasi Eksekutif\\SIEKedelaiMataram\\app\\Views\\Detail\\index.php', 108)
 2 SYSTEMPATH\View\View.php(228): include('C:\\Users\\cssmi\\Documents\\Kuliah\\Sistem Informasi Eksekutif\\SIEKedelaiMataram\\app\\Views\\Detail\\index.php')
 3 SYSTEMPATH\View\View.php(231): CodeIgniter\View\View->CodeIgniter\View\{closure}()
 4 SYSTEMPATH\Common.php(1190): CodeIgniter\View\View->render('detail/index', [], true)
 5 APPPATH\Controllers\Home.php(70): view('detail/index', [...])
 6 SYSTEMPATH\CodeIgniter.php(942): App\Controllers\Home->detail('1')
 7 SYSTEMPATH\CodeIgniter.php(502): CodeIgniter\CodeIgniter->runController(Object(App\Controllers\Home))
 8 SYSTEMPATH\CodeIgniter.php(361): CodeIgniter\CodeIgniter->handleRequest(null, Object(Config\Cache), false)
 9 FCPATH\index.php(79): CodeIgniter\CodeIgniter->run()
10 SYSTEMPATH\Commands\Server\rewrite.php(47): require_once('C:\\Users\\cssmi\\Documents\\Kuliah\\Sistem Informasi Eksekutif\\SIEKedelaiMataram\\public\\index.php')
CRITICAL - 2023-12-09 15:24:43 --> Undefined array key "productionTotal"
in APPPATH\Views\Detail\index.php on line 108.
 1 APPPATH\Views\Detail\index.php(108): CodeIgniter\Debug\Exceptions->errorHandler(2, 'Undefined array key "productionTotal"', 'C:\\Users\\cssmi\\Documents\\Kuliah\\Sistem Informasi Eksekutif\\SIEKedelaiMataram\\app\\Views\\Detail\\index.php', 108)
 2 SYSTEMPATH\View\View.php(228): include('C:\\Users\\cssmi\\Documents\\Kuliah\\Sistem Informasi Eksekutif\\SIEKedelaiMataram\\app\\Views\\Detail\\index.php')
 3 SYSTEMPATH\View\View.php(231): CodeIgniter\View\View->CodeIgniter\View\{closure}()
 4 SYSTEMPATH\Common.php(1190): CodeIgniter\View\View->render('detail/index', [], true)
 5 APPPATH\Controllers\Home.php(70): view('detail/index', [...])
 6 SYSTEMPATH\CodeIgniter.php(942): App\Controllers\Home->detail('1')
 7 SYSTEMPATH\CodeIgniter.php(502): CodeIgniter\CodeIgniter->runController(Object(App\Controllers\Home))
 8 SYSTEMPATH\CodeIgniter.php(361): CodeIgniter\CodeIgniter->handleRequest(null, Object(Config\Cache), false)
 9 FCPATH\index.php(79): CodeIgniter\CodeIgniter->run()
10 SYSTEMPATH\Commands\Server\rewrite.php(47): require_once('C:\\Users\\cssmi\\Documents\\Kuliah\\Sistem Informasi Eksekutif\\SIEKedelaiMataram\\public\\index.php')
CRITICAL - 2023-12-09 15:24:44 --> Undefined array key "productionTotal"
in APPPATH\Views\Detail\index.php on line 108.
 1 APPPATH\Views\Detail\index.php(108): CodeIgniter\Debug\Exceptions->errorHandler(2, 'Undefined array key "productionTotal"', 'C:\\Users\\cssmi\\Documents\\Kuliah\\Sistem Informasi Eksekutif\\SIEKedelaiMataram\\app\\Views\\Detail\\index.php', 108)
 2 SYSTEMPATH\View\View.php(228): include('C:\\Users\\cssmi\\Documents\\Kuliah\\Sistem Informasi Eksekutif\\SIEKedelaiMataram\\app\\Views\\Detail\\index.php')
 3 SYSTEMPATH\View\View.php(231): CodeIgniter\View\View->CodeIgniter\View\{closure}()
 4 SYSTEMPATH\Common.php(1190): CodeIgniter\View\View->render('detail/index', [], true)
 5 APPPATH\Controllers\Home.php(70): view('detail/index', [...])
 6 SYSTEMPATH\CodeIgniter.php(942): App\Controllers\Home->detail('1')
 7 SYSTEMPATH\CodeIgniter.php(502): CodeIgniter\CodeIgniter->runController(Object(App\Controllers\Home))
 8 SYSTEMPATH\CodeIgniter.php(361): CodeIgniter\CodeIgniter->handleRequest(null, Object(Config\Cache), false)
 9 FCPATH\index.php(79): CodeIgniter\CodeIgniter->run()
10 SYSTEMPATH\Commands\Server\rewrite.php(47): require_once('C:\\Users\\cssmi\\Documents\\Kuliah\\Sistem Informasi Eksekutif\\SIEKedelaiMataram\\public\\index.php')
CRITICAL - 2023-12-09 15:24:44 --> Undefined array key "productionTotal"
in APPPATH\Views\Detail\index.php on line 108.
 1 APPPATH\Views\Detail\index.php(108): CodeIgniter\Debug\Exceptions->errorHandler(2, 'Undefined array key "productionTotal"', 'C:\\Users\\cssmi\\Documents\\Kuliah\\Sistem Informasi Eksekutif\\SIEKedelaiMataram\\app\\Views\\Detail\\index.php', 108)
 2 SYSTEMPATH\View\View.php(228): include('C:\\Users\\cssmi\\Documents\\Kuliah\\Sistem Informasi Eksekutif\\SIEKedelaiMataram\\app\\Views\\Detail\\index.php')
 3 SYSTEMPATH\View\View.php(231): CodeIgniter\View\View->CodeIgniter\View\{closure}()
 4 SYSTEMPATH\Common.php(1190): CodeIgniter\View\View->render('detail/index', [], true)
 5 APPPATH\Controllers\Home.php(70): view('detail/index', [...])
 6 SYSTEMPATH\CodeIgniter.php(942): App\Controllers\Home->detail('1')
 7 SYSTEMPATH\CodeIgniter.php(502): CodeIgniter\CodeIgniter->runController(Object(App\Controllers\Home))
 8 SYSTEMPATH\CodeIgniter.php(361): CodeIgniter\CodeIgniter->handleRequest(null, Object(Config\Cache), false)
 9 FCPATH\index.php(79): CodeIgniter\CodeIgniter->run()
10 SYSTEMPATH\Commands\Server\rewrite.php(47): require_once('C:\\Users\\cssmi\\Documents\\Kuliah\\Sistem Informasi Eksekutif\\SIEKedelaiMataram\\public\\index.php')
CRITICAL - 2023-12-09 15:24:44 --> Undefined array key "productionTotal"
in APPPATH\Views\Detail\index.php on line 108.
 1 APPPATH\Views\Detail\index.php(108): CodeIgniter\Debug\Exceptions->errorHandler(2, 'Undefined array key "productionTotal"', 'C:\\Users\\cssmi\\Documents\\Kuliah\\Sistem Informasi Eksekutif\\SIEKedelaiMataram\\app\\Views\\Detail\\index.php', 108)
 2 SYSTEMPATH\View\View.php(228): include('C:\\Users\\cssmi\\Documents\\Kuliah\\Sistem Informasi Eksekutif\\SIEKedelaiMataram\\app\\Views\\Detail\\index.php')
 3 SYSTEMPATH\View\View.php(231): CodeIgniter\View\View->CodeIgniter\View\{closure}()
 4 SYSTEMPATH\Common.php(1190): CodeIgniter\View\View->render('detail/index', [], true)
 5 APPPATH\Controllers\Home.php(70): view('detail/index', [...])
 6 SYSTEMPATH\CodeIgniter.php(942): App\Controllers\Home->detail('1')
 7 SYSTEMPATH\CodeIgniter.php(502): CodeIgniter\CodeIgniter->runController(Object(App\Controllers\Home))
 8 SYSTEMPATH\CodeIgniter.php(361): CodeIgniter\CodeIgniter->handleRequest(null, Object(Config\Cache), false)
 9 FCPATH\index.php(79): CodeIgniter\CodeIgniter->run()
10 SYSTEMPATH\Commands\Server\rewrite.php(47): require_once('C:\\Users\\cssmi\\Documents\\Kuliah\\Sistem Informasi Eksekutif\\SIEKedelaiMataram\\public\\index.php')
CRITICAL - 2023-12-09 15:24:44 --> Undefined array key "productionTotal"
in APPPATH\Views\Detail\index.php on line 108.
 1 APPPATH\Views\Detail\index.php(108): CodeIgniter\Debug\Exceptions->errorHandler(2, 'Undefined array key "productionTotal"', 'C:\\Users\\cssmi\\Documents\\Kuliah\\Sistem Informasi Eksekutif\\SIEKedelaiMataram\\app\\Views\\Detail\\index.php', 108)
 2 SYSTEMPATH\View\View.php(228): include('C:\\Users\\cssmi\\Documents\\Kuliah\\Sistem Informasi Eksekutif\\SIEKedelaiMataram\\app\\Views\\Detail\\index.php')
 3 SYSTEMPATH\View\View.php(231): CodeIgniter\View\View->CodeIgniter\View\{closure}()
 4 SYSTEMPATH\Common.php(1190): CodeIgniter\View\View->render('detail/index', [], true)
 5 APPPATH\Controllers\Home.php(70): view('detail/index', [...])
 6 SYSTEMPATH\CodeIgniter.php(942): App\Controllers\Home->detail('1')
 7 SYSTEMPATH\CodeIgniter.php(502): CodeIgniter\CodeIgniter->runController(Object(App\Controllers\Home))
 8 SYSTEMPATH\CodeIgniter.php(361): CodeIgniter\CodeIgniter->handleRequest(null, Object(Config\Cache), false)
 9 FCPATH\index.php(79): CodeIgniter\CodeIgniter->run()
10 SYSTEMPATH\Commands\Server\rewrite.php(47): require_once('C:\\Users\\cssmi\\Documents\\Kuliah\\Sistem Informasi Eksekutif\\SIEKedelaiMataram\\public\\index.php')
CRITICAL - 2023-12-09 15:24:45 --> Undefined array key "productionTotal"
in APPPATH\Views\Detail\index.php on line 108.
 1 APPPATH\Views\Detail\index.php(108): CodeIgniter\Debug\Exceptions->errorHandler(2, 'Undefined array key "productionTotal"', 'C:\\Users\\cssmi\\Documents\\Kuliah\\Sistem Informasi Eksekutif\\SIEKedelaiMataram\\app\\Views\\Detail\\index.php', 108)
 2 SYSTEMPATH\View\View.php(228): include('C:\\Users\\cssmi\\Documents\\Kuliah\\Sistem Informasi Eksekutif\\SIEKedelaiMataram\\app\\Views\\Detail\\index.php')
 3 SYSTEMPATH\View\View.php(231): CodeIgniter\View\View->CodeIgniter\View\{closure}()
 4 SYSTEMPATH\Common.php(1190): CodeIgniter\View\View->render('detail/index', [], true)
 5 APPPATH\Controllers\Home.php(70): view('detail/index', [...])
 6 SYSTEMPATH\CodeIgniter.php(942): App\Controllers\Home->detail('1')
 7 SYSTEMPATH\CodeIgniter.php(502): CodeIgniter\CodeIgniter->runController(Object(App\Controllers\Home))
 8 SYSTEMPATH\CodeIgniter.php(361): CodeIgniter\CodeIgniter->handleRequest(null, Object(Config\Cache), false)
 9 FCPATH\index.php(79): CodeIgniter\CodeIgniter->run()
10 SYSTEMPATH\Commands\Server\rewrite.php(47): require_once('C:\\Users\\cssmi\\Documents\\Kuliah\\Sistem Informasi Eksekutif\\SIEKedelaiMataram\\public\\index.php')
CRITICAL - 2023-12-09 15:24:45 --> Undefined array key "productionTotal"
in APPPATH\Views\Detail\index.php on line 108.
 1 APPPATH\Views\Detail\index.php(108): CodeIgniter\Debug\Exceptions->errorHandler(2, 'Undefined array key "productionTotal"', 'C:\\Users\\cssmi\\Documents\\Kuliah\\Sistem Informasi Eksekutif\\SIEKedelaiMataram\\app\\Views\\Detail\\index.php', 108)
 2 SYSTEMPATH\View\View.php(228): include('C:\\Users\\cssmi\\Documents\\Kuliah\\Sistem Informasi Eksekutif\\SIEKedelaiMataram\\app\\Views\\Detail\\index.php')
 3 SYSTEMPATH\View\View.php(231): CodeIgniter\View\View->CodeIgniter\View\{closure}()
 4 SYSTEMPATH\Common.php(1190): CodeIgniter\View\View->render('detail/index', [], true)
 5 APPPATH\Controllers\Home.php(70): view('detail/index', [...])
 6 SYSTEMPATH\CodeIgniter.php(942): App\Controllers\Home->detail('1')
 7 SYSTEMPATH\CodeIgniter.php(502): CodeIgniter\CodeIgniter->runController(Object(App\Controllers\Home))
 8 SYSTEMPATH\CodeIgniter.php(361): CodeIgniter\CodeIgniter->handleRequest(null, Object(Config\Cache), false)
 9 FCPATH\index.php(79): CodeIgniter\CodeIgniter->run()
10 SYSTEMPATH\Commands\Server\rewrite.php(47): require_once('C:\\Users\\cssmi\\Documents\\Kuliah\\Sistem Informasi Eksekutif\\SIEKedelaiMataram\\public\\index.php')
