ERROR - 2023-12-08 01:48:26 --> Error connecting to the database: mysqli_sql_exception: No connection could be made because the target machine actively refused it in C:\Users\cssmi\Documents\Kuliah\Sistem Informasi Eksekutif\SIEKedelaiMataram\system\Database\MySQLi\Connection.php:185
Stack trace:
#0 C:\Users\cssmi\Documents\Kuliah\Sistem Informasi Eksekutif\SIEKedelaiMataram\system\Database\MySQLi\Connection.php(185): mysqli->real_connect('localhost', 'root', '', 'dbsiekedelai', 3306, '', 0)
#1 C:\Users\cssmi\Documents\Kuliah\Sistem Informasi Eksekutif\SIEKedelaiMataram\system\Database\BaseConnection.php(392): CodeIgniter\Database\MySQLi\Connection->connect(false)
#2 C:\Users\cssmi\Documents\Kuliah\Sistem Informasi Eksekutif\SIEKedelaiMataram\system\Database\BaseConnection.php(575): CodeIgniter\Database\BaseConnection->initialize()
#3 C:\Users\cssmi\Documents\Kuliah\Sistem Informasi Eksekutif\SIEKedelaiMataram\system\Database\BaseBuilder.php(1615): CodeIgniter\Database\BaseConnection->query('SELECT *\nFROM `...', Array, false)
#4 C:\Users\cssmi\Documents\Kuliah\Sistem Informasi Eksekutif\SIEKedelaiMataram\system\Model.php(237): CodeIgniter\Database\BaseBuilder->get()
#5 C:\Users\cssmi\Documents\Kuliah\Sistem Informasi Eksekutif\SIEKedelaiMataram\system\BaseModel.php(624): CodeIgniter\Model->doFindAll(0, 0)
#6 C:\Users\cssmi\Documents\Kuliah\Sistem Informasi Eksekutif\SIEKedelaiMataram\app\Models\SubDistrictModel.php(13): CodeIgniter\BaseModel->findAll()
#7 C:\Users\cssmi\Documents\Kuliah\Sistem Informasi Eksekutif\SIEKedelaiMataram\app\Controllers\Home.php(12): App\Models\SubDistrictModel->getSubDistricts()
#8 C:\Users\cssmi\Documents\Kuliah\Sistem Informasi Eksekutif\SIEKedelaiMataram\system\CodeIgniter.php(942): App\Controllers\Home->index()
#9 C:\Users\cssmi\Documents\Kuliah\Sistem Informasi Eksekutif\SIEKedelaiMataram\system\CodeIgniter.php(502): CodeIgniter\CodeIgniter->runController(Object(App\Controllers\Home))
#10 C:\Users\cssmi\Documents\Kuliah\Sistem Informasi Eksekutif\SIEKedelaiMataram\system\CodeIgniter.php(361): CodeIgniter\CodeIgniter->handleRequest(NULL, Object(Config\Cache), false)
#11 C:\Users\cssmi\Documents\Kuliah\Sistem Informasi Eksekutif\SIEKedelaiMataram\public\index.php(79): CodeIgniter\CodeIgniter->run()
#12 C:\Users\cssmi\Documents\Kuliah\Sistem Informasi Eksekutif\SIEKedelaiMataram\system\Commands\Server\rewrite.php(47): require_once('C:\\Users\\cssmi\\...')
#13 {main}

Next CodeIgniter\Database\Exceptions\DatabaseException: No connection could be made because the target machine actively refused it in C:\Users\cssmi\Documents\Kuliah\Sistem Informasi Eksekutif\SIEKedelaiMataram\system\Database\MySQLi\Connection.php:229
Stack trace:
#0 C:\Users\cssmi\Documents\Kuliah\Sistem Informasi Eksekutif\SIEKedelaiMataram\system\Database\BaseConnection.php(392): CodeIgniter\Database\MySQLi\Connection->connect(false)
#1 C:\Users\cssmi\Documents\Kuliah\Sistem Informasi Eksekutif\SIEKedelaiMataram\system\Database\BaseConnection.php(575): CodeIgniter\Database\BaseConnection->initialize()
#2 C:\Users\cssmi\Documents\Kuliah\Sistem Informasi Eksekutif\SIEKedelaiMataram\system\Database\BaseBuilder.php(1615): CodeIgniter\Database\BaseConnection->query('SELECT *\nFROM `...', Array, false)
#3 C:\Users\cssmi\Documents\Kuliah\Sistem Informasi Eksekutif\SIEKedelaiMataram\system\Model.php(237): CodeIgniter\Database\BaseBuilder->get()
#4 C:\Users\cssmi\Documents\Kuliah\Sistem Informasi Eksekutif\SIEKedelaiMataram\system\BaseModel.php(624): CodeIgniter\Model->doFindAll(0, 0)
#5 C:\Users\cssmi\Documents\Kuliah\Sistem Informasi Eksekutif\SIEKedelaiMataram\app\Models\SubDistrictModel.php(13): CodeIgniter\BaseModel->findAll()
#6 C:\Users\cssmi\Documents\Kuliah\Sistem Informasi Eksekutif\SIEKedelaiMataram\app\Controllers\Home.php(12): App\Models\SubDistrictModel->getSubDistricts()
#7 C:\Users\cssmi\Documents\Kuliah\Sistem Informasi Eksekutif\SIEKedelaiMataram\system\CodeIgniter.php(942): App\Controllers\Home->index()
#8 C:\Users\cssmi\Documents\Kuliah\Sistem Informasi Eksekutif\SIEKedelaiMataram\system\CodeIgniter.php(502): CodeIgniter\CodeIgniter->runController(Object(App\Controllers\Home))
#9 C:\Users\cssmi\Documents\Kuliah\Sistem Informasi Eksekutif\SIEKedelaiMataram\system\CodeIgniter.php(361): CodeIgniter\CodeIgniter->handleRequest(NULL, Object(Config\Cache), false)
#10 C:\Users\cssmi\Documents\Kuliah\Sistem Informasi Eksekutif\SIEKedelaiMataram\public\index.php(79): CodeIgniter\CodeIgniter->run()
#11 C:\Users\cssmi\Documents\Kuliah\Sistem Informasi Eksekutif\SIEKedelaiMataram\system\Commands\Server\rewrite.php(47): require_once('C:\\Users\\cssmi\\...')
#12 {main}
CRITICAL - 2023-12-08 01:48:26 --> Unable to connect to the database.
Main connection [MySQLi]: No connection could be made because the target machine actively refused it
in SYSTEMPATH\Database\BaseConnection.php on line 428.
 1 SYSTEMPATH\Database\BaseConnection.php(575): CodeIgniter\Database\BaseConnection->initialize()
 2 SYSTEMPATH\Database\BaseBuilder.php(1615): CodeIgniter\Database\BaseConnection->query('SELECT *
FROM `sub_districts`', [], false)
 3 SYSTEMPATH\Model.php(237): CodeIgniter\Database\BaseBuilder->get()
 4 SYSTEMPATH\BaseModel.php(624): CodeIgniter\Model->doFindAll(0, 0)
 5 APPPATH\Models\SubDistrictModel.php(13): CodeIgniter\BaseModel->findAll()
 6 APPPATH\Controllers\Home.php(12): App\Models\SubDistrictModel->getSubDistricts()
 7 SYSTEMPATH\CodeIgniter.php(942): App\Controllers\Home->index()
 8 SYSTEMPATH\CodeIgniter.php(502): CodeIgniter\CodeIgniter->runController(Object(App\Controllers\Home))
 9 SYSTEMPATH\CodeIgniter.php(361): CodeIgniter\CodeIgniter->handleRequest(null, Object(Config\Cache), false)
10 FCPATH\index.php(79): CodeIgniter\CodeIgniter->run()
11 SYSTEMPATH\Commands\Server\rewrite.php(47): require_once('C:\\Users\\cssmi\\Documents\\Kuliah\\Sistem Informasi Eksekutif\\SIEKedelaiMataram\\public\\index.php')
CRITICAL - 2023-12-08 02:20:09 --> Unsupported operand types: string + array
in APPPATH\Controllers\Home.php on line 21.
 1 SYSTEMPATH\CodeIgniter.php(942): App\Controllers\Home->detail('1')
 2 SYSTEMPATH\CodeIgniter.php(502): CodeIgniter\CodeIgniter->runController(Object(App\Controllers\Home))
 3 SYSTEMPATH\CodeIgniter.php(361): CodeIgniter\CodeIgniter->handleRequest(null, Object(Config\Cache), false)
 4 FCPATH\index.php(79): CodeIgniter\CodeIgniter->run()
 5 SYSTEMPATH\Commands\Server\rewrite.php(47): require_once('C:\\Users\\cssmi\\Documents\\Kuliah\\Sistem Informasi Eksekutif\\SIEKedelaiMataram\\public\\index.php')
CRITICAL - 2023-12-08 02:22:38 --> Undefined array key "sub_district_name"
in APPPATH\Controllers\Home.php on line 21.
 1 APPPATH\Controllers\Home.php(21): CodeIgniter\Debug\Exceptions->errorHandler(2, 'Undefined array key "sub_district_name"', 'C:\\Users\\cssmi\\Documents\\Kuliah\\Sistem Informasi Eksekutif\\SIEKedelaiMataram\\app\\Controllers\\Home.php', 21)
 2 SYSTEMPATH\CodeIgniter.php(942): App\Controllers\Home->detail('1')
 3 SYSTEMPATH\CodeIgniter.php(502): CodeIgniter\CodeIgniter->runController(Object(App\Controllers\Home))
 4 SYSTEMPATH\CodeIgniter.php(361): CodeIgniter\CodeIgniter->handleRequest(null, Object(Config\Cache), false)
 5 FCPATH\index.php(79): CodeIgniter\CodeIgniter->run()
 6 SYSTEMPATH\Commands\Server\rewrite.php(47): require_once('C:\\Users\\cssmi\\Documents\\Kuliah\\Sistem Informasi Eksekutif\\SIEKedelaiMataram\\public\\index.php')
CRITICAL - 2023-12-08 02:23:09 --> Undefined array key "sub_district_name"
in APPPATH\Controllers\Home.php on line 21.
 1 APPPATH\Controllers\Home.php(21): CodeIgniter\Debug\Exceptions->errorHandler(2, 'Undefined array key "sub_district_name"', 'C:\\Users\\cssmi\\Documents\\Kuliah\\Sistem Informasi Eksekutif\\SIEKedelaiMataram\\app\\Controllers\\Home.php', 21)
 2 SYSTEMPATH\CodeIgniter.php(942): App\Controllers\Home->detail('1')
 3 SYSTEMPATH\CodeIgniter.php(502): CodeIgniter\CodeIgniter->runController(Object(App\Controllers\Home))
 4 SYSTEMPATH\CodeIgniter.php(361): CodeIgniter\CodeIgniter->handleRequest(null, Object(Config\Cache), false)
 5 FCPATH\index.php(79): CodeIgniter\CodeIgniter->run()
 6 SYSTEMPATH\Commands\Server\rewrite.php(47): require_once('C:\\Users\\cssmi\\Documents\\Kuliah\\Sistem Informasi Eksekutif\\SIEKedelaiMataram\\public\\index.php')
CRITICAL - 2023-12-08 02:27:07 --> Undefined variable $sub_districts
in APPPATH\Views\Detail\index.php on line 98.
 1 APPPATH\Views\Detail\index.php(98): CodeIgniter\Debug\Exceptions->errorHandler(2, 'Undefined variable $sub_districts', 'C:\\Users\\cssmi\\Documents\\Kuliah\\Sistem Informasi Eksekutif\\SIEKedelaiMataram\\app\\Views\\Detail\\index.php', 98)
 2 SYSTEMPATH\View\View.php(228): include('C:\\Users\\cssmi\\Documents\\Kuliah\\Sistem Informasi Eksekutif\\SIEKedelaiMataram\\app\\Views\\Detail\\index.php')
 3 SYSTEMPATH\View\View.php(231): CodeIgniter\View\View->CodeIgniter\View\{closure}()
 4 SYSTEMPATH\Common.php(1190): CodeIgniter\View\View->render('detail/index', [], true)
 5 APPPATH\Controllers\Home.php(25): view('detail/index', [...])
 6 SYSTEMPATH\CodeIgniter.php(942): App\Controllers\Home->detail('1')
 7 SYSTEMPATH\CodeIgniter.php(502): CodeIgniter\CodeIgniter->runController(Object(App\Controllers\Home))
 8 SYSTEMPATH\CodeIgniter.php(361): CodeIgniter\CodeIgniter->handleRequest(null, Object(Config\Cache), false)
 9 FCPATH\index.php(79): CodeIgniter\CodeIgniter->run()
10 SYSTEMPATH\Commands\Server\rewrite.php(47): require_once('C:\\Users\\cssmi\\Documents\\Kuliah\\Sistem Informasi Eksekutif\\SIEKedelaiMataram\\public\\index.php')
CRITICAL - 2023-12-08 02:42:12 --> Attempt to read property "sub_district_name" on array
in APPPATH\Controllers\Home.php on line 19.
 1 APPPATH\Controllers\Home.php(19): CodeIgniter\Debug\Exceptions->errorHandler(2, 'Attempt to read property "sub_district_name" on array', 'C:\\Users\\cssmi\\Documents\\Kuliah\\Sistem Informasi Eksekutif\\SIEKedelaiMataram\\app\\Controllers\\Home.php', 19)
 2 SYSTEMPATH\CodeIgniter.php(942): App\Controllers\Home->detail('1')
 3 SYSTEMPATH\CodeIgniter.php(502): CodeIgniter\CodeIgniter->runController(Object(App\Controllers\Home))
 4 SYSTEMPATH\CodeIgniter.php(361): CodeIgniter\CodeIgniter->handleRequest(null, Object(Config\Cache), false)
 5 FCPATH\index.php(79): CodeIgniter\CodeIgniter->run()
 6 SYSTEMPATH\Commands\Server\rewrite.php(47): require_once('C:\\Users\\cssmi\\Documents\\Kuliah\\Sistem Informasi Eksekutif\\SIEKedelaiMataram\\public\\index.php')
CRITICAL - 2023-12-08 03:12:49 --> Undefined variable $sub_districts
in APPPATH\Views\Detail\index.php on line 100.
 1 APPPATH\Views\Detail\index.php(100): CodeIgniter\Debug\Exceptions->errorHandler(2, 'Undefined variable $sub_districts', 'C:\\Users\\cssmi\\Documents\\Kuliah\\Sistem Informasi Eksekutif\\SIEKedelaiMataram\\app\\Views\\Detail\\index.php', 100)
 2 SYSTEMPATH\View\View.php(228): include('C:\\Users\\cssmi\\Documents\\Kuliah\\Sistem Informasi Eksekutif\\SIEKedelaiMataram\\app\\Views\\Detail\\index.php')
 3 SYSTEMPATH\View\View.php(231): CodeIgniter\View\View->CodeIgniter\View\{closure}()
 4 SYSTEMPATH\Common.php(1190): CodeIgniter\View\View->render('detail/index', [], true)
 5 APPPATH\Controllers\Home.php(29): view('detail/index', [...])
 6 SYSTEMPATH\CodeIgniter.php(942): App\Controllers\Home->detail('1')
 7 SYSTEMPATH\CodeIgniter.php(502): CodeIgniter\CodeIgniter->runController(Object(App\Controllers\Home))
 8 SYSTEMPATH\CodeIgniter.php(361): CodeIgniter\CodeIgniter->handleRequest(null, Object(Config\Cache), false)
 9 FCPATH\index.php(79): CodeIgniter\CodeIgniter->run()
10 SYSTEMPATH\Commands\Server\rewrite.php(47): require_once('C:\\Users\\cssmi\\Documents\\Kuliah\\Sistem Informasi Eksekutif\\SIEKedelaiMataram\\public\\index.php')
CRITICAL - 2023-12-08 03:13:02 --> Undefined variable $sub_districts
in APPPATH\Views\Detail\index.php on line 100.
 1 APPPATH\Views\Detail\index.php(100): CodeIgniter\Debug\Exceptions->errorHandler(2, 'Undefined variable $sub_districts', 'C:\\Users\\cssmi\\Documents\\Kuliah\\Sistem Informasi Eksekutif\\SIEKedelaiMataram\\app\\Views\\Detail\\index.php', 100)
 2 SYSTEMPATH\View\View.php(228): include('C:\\Users\\cssmi\\Documents\\Kuliah\\Sistem Informasi Eksekutif\\SIEKedelaiMataram\\app\\Views\\Detail\\index.php')
 3 SYSTEMPATH\View\View.php(231): CodeIgniter\View\View->CodeIgniter\View\{closure}()
 4 SYSTEMPATH\Common.php(1190): CodeIgniter\View\View->render('detail/index', [], true)
 5 APPPATH\Controllers\Home.php(29): view('detail/index', [...])
 6 SYSTEMPATH\CodeIgniter.php(942): App\Controllers\Home->detail('1')
 7 SYSTEMPATH\CodeIgniter.php(502): CodeIgniter\CodeIgniter->runController(Object(App\Controllers\Home))
 8 SYSTEMPATH\CodeIgniter.php(361): CodeIgniter\CodeIgniter->handleRequest(null, Object(Config\Cache), false)
 9 FCPATH\index.php(79): CodeIgniter\CodeIgniter->run()
10 SYSTEMPATH\Commands\Server\rewrite.php(47): require_once('C:\\Users\\cssmi\\Documents\\Kuliah\\Sistem Informasi Eksekutif\\SIEKedelaiMataram\\public\\index.php')
CRITICAL - 2023-12-08 09:51:42 --> Undefined variable $sub_districts
in APPPATH\Views\Detail\index.php on line 100.
 1 APPPATH\Views\Detail\index.php(100): CodeIgniter\Debug\Exceptions->errorHandler(2, 'Undefined variable $sub_districts', 'C:\\Users\\cssmi\\Documents\\Kuliah\\Sistem Informasi Eksekutif\\SIEKedelaiMataram\\app\\Views\\Detail\\index.php', 100)
 2 SYSTEMPATH\View\View.php(228): include('C:\\Users\\cssmi\\Documents\\Kuliah\\Sistem Informasi Eksekutif\\SIEKedelaiMataram\\app\\Views\\Detail\\index.php')
 3 SYSTEMPATH\View\View.php(231): CodeIgniter\View\View->CodeIgniter\View\{closure}()
 4 SYSTEMPATH\Common.php(1190): CodeIgniter\View\View->render('detail/index', [], true)
 5 APPPATH\Controllers\Home.php(29): view('detail/index', [...])
 6 SYSTEMPATH\CodeIgniter.php(942): App\Controllers\Home->detail('1')
 7 SYSTEMPATH\CodeIgniter.php(502): CodeIgniter\CodeIgniter->runController(Object(App\Controllers\Home))
 8 SYSTEMPATH\CodeIgniter.php(361): CodeIgniter\CodeIgniter->handleRequest(null, Object(Config\Cache), false)
 9 FCPATH\index.php(79): CodeIgniter\CodeIgniter->run()
10 SYSTEMPATH\Commands\Server\rewrite.php(47): require_once('C:\\Users\\cssmi\\Documents\\Kuliah\\Sistem Informasi Eksekutif\\SIEKedelaiMataram\\public\\index.php')
CRITICAL - 2023-12-08 13:20:02 --> Undefined variable $sub_district
in APPPATH\Views\Detail\index.php on line 103.
 1 APPPATH\Views\Detail\index.php(103): CodeIgniter\Debug\Exceptions->errorHandler(2, 'Undefined variable $sub_district', 'C:\\Users\\cssmi\\Documents\\Kuliah\\Sistem Informasi Eksekutif\\SIEKedelaiMataram\\app\\Views\\Detail\\index.php', 103)
 2 SYSTEMPATH\View\View.php(228): include('C:\\Users\\cssmi\\Documents\\Kuliah\\Sistem Informasi Eksekutif\\SIEKedelaiMataram\\app\\Views\\Detail\\index.php')
 3 SYSTEMPATH\View\View.php(231): CodeIgniter\View\View->CodeIgniter\View\{closure}()
 4 SYSTEMPATH\Common.php(1190): CodeIgniter\View\View->render('detail/index', [], true)
 5 APPPATH\Controllers\Home.php(28): view('detail/index', [...])
 6 SYSTEMPATH\CodeIgniter.php(942): App\Controllers\Home->detail('1')
 7 SYSTEMPATH\CodeIgniter.php(502): CodeIgniter\CodeIgniter->runController(Object(App\Controllers\Home))
 8 SYSTEMPATH\CodeIgniter.php(361): CodeIgniter\CodeIgniter->handleRequest(null, Object(Config\Cache), false)
 9 FCPATH\index.php(79): CodeIgniter\CodeIgniter->run()
10 SYSTEMPATH\Commands\Server\rewrite.php(47): require_once('C:\\Users\\cssmi\\Documents\\Kuliah\\Sistem Informasi Eksekutif\\SIEKedelaiMataram\\public\\index.php')
CRITICAL - 2023-12-08 13:32:19 --> Undefined array key "year_name"
in APPPATH\Views\Detail\index.php on line 104.
 1 APPPATH\Views\Detail\index.php(104): CodeIgniter\Debug\Exceptions->errorHandler(2, 'Undefined array key "year_name"', 'C:\\Users\\cssmi\\Documents\\Kuliah\\Sistem Informasi Eksekutif\\SIEKedelaiMataram\\app\\Views\\Detail\\index.php', 104)
 2 SYSTEMPATH\View\View.php(228): include('C:\\Users\\cssmi\\Documents\\Kuliah\\Sistem Informasi Eksekutif\\SIEKedelaiMataram\\app\\Views\\Detail\\index.php')
 3 SYSTEMPATH\View\View.php(231): CodeIgniter\View\View->CodeIgniter\View\{closure}()
 4 SYSTEMPATH\Common.php(1190): CodeIgniter\View\View->render('detail/index', [], true)
 5 APPPATH\Controllers\Home.php(31): view('detail/index', [...])
 6 SYSTEMPATH\CodeIgniter.php(942): App\Controllers\Home->detail('1')
 7 SYSTEMPATH\CodeIgniter.php(502): CodeIgniter\CodeIgniter->runController(Object(App\Controllers\Home))
 8 SYSTEMPATH\CodeIgniter.php(361): CodeIgniter\CodeIgniter->handleRequest(null, Object(Config\Cache), false)
 9 FCPATH\index.php(79): CodeIgniter\CodeIgniter->run()
10 SYSTEMPATH\Commands\Server\rewrite.php(47): require_once('C:\\Users\\cssmi\\Documents\\Kuliah\\Sistem Informasi Eksekutif\\SIEKedelaiMataram\\public\\index.php')
CRITICAL - 2023-12-08 14:21:23 --> Undefined variable $land_areas
in APPPATH\Views\Detail\index.php on line 101.
 1 APPPATH\Views\Detail\index.php(101): CodeIgniter\Debug\Exceptions->errorHandler(2, 'Undefined variable $land_areas', 'C:\\Users\\cssmi\\Documents\\Kuliah\\Sistem Informasi Eksekutif\\SIEKedelaiMataram\\app\\Views\\Detail\\index.php', 101)
 2 SYSTEMPATH\View\View.php(228): include('C:\\Users\\cssmi\\Documents\\Kuliah\\Sistem Informasi Eksekutif\\SIEKedelaiMataram\\app\\Views\\Detail\\index.php')
 3 SYSTEMPATH\View\View.php(231): CodeIgniter\View\View->CodeIgniter\View\{closure}()
 4 SYSTEMPATH\Common.php(1190): CodeIgniter\View\View->render('detail/index', [], true)
 5 APPPATH\Controllers\Home.php(37): view('detail/index', [...])
 6 SYSTEMPATH\CodeIgniter.php(942): App\Controllers\Home->detail('1')
 7 SYSTEMPATH\CodeIgniter.php(502): CodeIgniter\CodeIgniter->runController(Object(App\Controllers\Home))
 8 SYSTEMPATH\CodeIgniter.php(361): CodeIgniter\CodeIgniter->handleRequest(null, Object(Config\Cache), false)
 9 FCPATH\index.php(79): CodeIgniter\CodeIgniter->run()
10 SYSTEMPATH\Commands\Server\rewrite.php(47): require_once('C:\\Users\\cssmi\\Documents\\Kuliah\\Sistem Informasi Eksekutif\\SIEKedelaiMataram\\public\\index.php')
CRITICAL - 2023-12-08 14:38:23 --> Attempt to read property "year" on array
in APPPATH\Controllers\Home.php on line 42.
 1 APPPATH\Controllers\Home.php(42): CodeIgniter\Debug\Exceptions->errorHandler(2, 'Attempt to read property "year" on array', 'C:\\Users\\cssmi\\Documents\\Kuliah\\Sistem Informasi Eksekutif\\SIEKedelaiMataram\\app\\Controllers\\Home.php', 42)
 2 SYSTEMPATH\CodeIgniter.php(942): App\Controllers\Home->detail('1')
 3 SYSTEMPATH\CodeIgniter.php(502): CodeIgniter\CodeIgniter->runController(Object(App\Controllers\Home))
 4 SYSTEMPATH\CodeIgniter.php(361): CodeIgniter\CodeIgniter->handleRequest(null, Object(Config\Cache), false)
 5 FCPATH\index.php(79): CodeIgniter\CodeIgniter->run()
 6 SYSTEMPATH\Commands\Server\rewrite.php(47): require_once('C:\\Users\\cssmi\\Documents\\Kuliah\\Sistem Informasi Eksekutif\\SIEKedelaiMataram\\public\\index.php')
CRITICAL - 2023-12-08 14:38:40 --> Attempt to read property "year" on array
in APPPATH\Controllers\Home.php on line 42.
 1 APPPATH\Controllers\Home.php(42): CodeIgniter\Debug\Exceptions->errorHandler(2, 'Attempt to read property "year" on array', 'C:\\Users\\cssmi\\Documents\\Kuliah\\Sistem Informasi Eksekutif\\SIEKedelaiMataram\\app\\Controllers\\Home.php', 42)
 2 SYSTEMPATH\CodeIgniter.php(942): App\Controllers\Home->detail('1')
 3 SYSTEMPATH\CodeIgniter.php(502): CodeIgniter\CodeIgniter->runController(Object(App\Controllers\Home))
 4 SYSTEMPATH\CodeIgniter.php(361): CodeIgniter\CodeIgniter->handleRequest(null, Object(Config\Cache), false)
 5 FCPATH\index.php(79): CodeIgniter\CodeIgniter->run()
 6 SYSTEMPATH\Commands\Server\rewrite.php(47): require_once('C:\\Users\\cssmi\\Documents\\Kuliah\\Sistem Informasi Eksekutif\\SIEKedelaiMataram\\public\\index.php')
CRITICAL - 2023-12-08 14:38:42 --> Attempt to read property "year" on array
in APPPATH\Controllers\Home.php on line 42.
 1 APPPATH\Controllers\Home.php(42): CodeIgniter\Debug\Exceptions->errorHandler(2, 'Attempt to read property "year" on array', 'C:\\Users\\cssmi\\Documents\\Kuliah\\Sistem Informasi Eksekutif\\SIEKedelaiMataram\\app\\Controllers\\Home.php', 42)
 2 SYSTEMPATH\CodeIgniter.php(942): App\Controllers\Home->detail('1')
 3 SYSTEMPATH\CodeIgniter.php(502): CodeIgniter\CodeIgniter->runController(Object(App\Controllers\Home))
 4 SYSTEMPATH\CodeIgniter.php(361): CodeIgniter\CodeIgniter->handleRequest(null, Object(Config\Cache), false)
 5 FCPATH\index.php(79): CodeIgniter\CodeIgniter->run()
 6 SYSTEMPATH\Commands\Server\rewrite.php(47): require_once('C:\\Users\\cssmi\\Documents\\Kuliah\\Sistem Informasi Eksekutif\\SIEKedelaiMataram\\public\\index.php')
CRITICAL - 2023-12-08 14:41:09 --> Undefined variable $land_area_totals
in APPPATH\Views\Detail\index.php on line 101.
 1 APPPATH\Views\Detail\index.php(101): CodeIgniter\Debug\Exceptions->errorHandler(2, 'Undefined variable $land_area_totals', 'C:\\Users\\cssmi\\Documents\\Kuliah\\Sistem Informasi Eksekutif\\SIEKedelaiMataram\\app\\Views\\Detail\\index.php', 101)
 2 SYSTEMPATH\View\View.php(228): include('C:\\Users\\cssmi\\Documents\\Kuliah\\Sistem Informasi Eksekutif\\SIEKedelaiMataram\\app\\Views\\Detail\\index.php')
 3 SYSTEMPATH\View\View.php(231): CodeIgniter\View\View->CodeIgniter\View\{closure}()
 4 SYSTEMPATH\Common.php(1190): CodeIgniter\View\View->render('detail/index', [], true)
 5 APPPATH\Controllers\Home.php(70): view('detail/index', [...])
 6 SYSTEMPATH\CodeIgniter.php(942): App\Controllers\Home->detail('1')
 7 SYSTEMPATH\CodeIgniter.php(502): CodeIgniter\CodeIgniter->runController(Object(App\Controllers\Home))
 8 SYSTEMPATH\CodeIgniter.php(361): CodeIgniter\CodeIgniter->handleRequest(null, Object(Config\Cache), false)
 9 FCPATH\index.php(79): CodeIgniter\CodeIgniter->run()
10 SYSTEMPATH\Commands\Server\rewrite.php(47): require_once('C:\\Users\\cssmi\\Documents\\Kuliah\\Sistem Informasi Eksekutif\\SIEKedelaiMataram\\public\\index.php')
