CRITICAL - 2023-12-20 07:51:49 --> Class "App\Controllers\SubDistrictModel" not found
in APPPATH\Controllers\Drilldown.php on line 34.
 1 SYSTEMPATH\CodeIgniter.php(942): App\Controllers\Drilldown->index()
 2 SYSTEMPATH\CodeIgniter.php(502): CodeIgniter\CodeIgniter->runController(Object(App\Controllers\Drilldown))
 3 SYSTEMPATH\CodeIgniter.php(361): CodeIgniter\CodeIgniter->handleRequest(null, Object(Config\Cache), false)
 4 FCPATH\index.php(79): CodeIgniter\CodeIgniter->run()
 5 SYSTEMPATH\Commands\Server\rewrite.php(47): require_once('C:\\xampp\\htdocs\\SIEKedelaiMataram\\public\\index.php')
CRITICAL - 2023-12-20 07:51:49 --> Class "App\Controllers\SubDistrictModel" not found
in APPPATH\Controllers\Drilldown.php on line 34.
 1 SYSTEMPATH\CodeIgniter.php(942): App\Controllers\Drilldown->index()
 2 SYSTEMPATH\CodeIgniter.php(502): CodeIgniter\CodeIgniter->runController(Object(App\Controllers\Drilldown))
 3 SYSTEMPATH\CodeIgniter.php(361): CodeIgniter\CodeIgniter->handleRequest(null, Object(Config\Cache), false)
 4 FCPATH\index.php(79): CodeIgniter\CodeIgniter->run()
 5 SYSTEMPATH\Commands\Server\rewrite.php(47): require_once('C:\\xampp\\htdocs\\SIEKedelaiMataram\\public\\index.php')
CRITICAL - 2023-12-20 07:51:55 --> Class "App\Controllers\SubDistrictModel" not found
in APPPATH\Controllers\Drilldown.php on line 34.
 1 SYSTEMPATH\CodeIgniter.php(942): App\Controllers\Drilldown->index()
 2 SYSTEMPATH\CodeIgniter.php(502): CodeIgniter\CodeIgniter->runController(Object(App\Controllers\Drilldown))
 3 SYSTEMPATH\CodeIgniter.php(361): CodeIgniter\CodeIgniter->handleRequest(null, Object(Config\Cache), false)
 4 FCPATH\index.php(79): CodeIgniter\CodeIgniter->run()
 5 SYSTEMPATH\Commands\Server\rewrite.php(47): require_once('C:\\xampp\\htdocs\\SIEKedelaiMataram\\public\\index.php')
CRITICAL - 2023-12-20 07:52:29 --> Undefined variable $subDistricts
in APPPATH\Views\Drilldown\index.php on line 104.
 1 APPPATH\Views\Drilldown\index.php(104): CodeIgniter\Debug\Exceptions->errorHandler(2, 'Undefined variable $subDistricts', 'C:\\xampp\\htdocs\\SIEKedelaiMataram\\app\\Views\\Drilldown\\index.php', 104)
 2 SYSTEMPATH\View\View.php(228): include('C:\\xampp\\htdocs\\SIEKedelaiMataram\\app\\Views\\Drilldown\\index.php')
 3 SYSTEMPATH\View\View.php(231): CodeIgniter\View\View->CodeIgniter\View\{closure}()
 4 SYSTEMPATH\Common.php(1190): CodeIgniter\View\View->render('drilldown/index', [], true)
 5 APPPATH\Controllers\Drilldown.php(39): view('drilldown/index', [...])
 6 SYSTEMPATH\CodeIgniter.php(942): App\Controllers\Drilldown->index()
 7 SYSTEMPATH\CodeIgniter.php(502): CodeIgniter\CodeIgniter->runController(Object(App\Controllers\Drilldown))
 8 SYSTEMPATH\CodeIgniter.php(361): CodeIgniter\CodeIgniter->handleRequest(null, Object(Config\Cache), false)
 9 FCPATH\index.php(79): CodeIgniter\CodeIgniter->run()
10 SYSTEMPATH\Commands\Server\rewrite.php(47): require_once('C:\\xampp\\htdocs\\SIEKedelaiMataram\\public\\index.php')
CRITICAL - 2023-12-20 07:52:31 --> Undefined variable $subDistricts
in APPPATH\Views\Drilldown\index.php on line 104.
 1 APPPATH\Views\Drilldown\index.php(104): CodeIgniter\Debug\Exceptions->errorHandler(2, 'Undefined variable $subDistricts', 'C:\\xampp\\htdocs\\SIEKedelaiMataram\\app\\Views\\Drilldown\\index.php', 104)
 2 SYSTEMPATH\View\View.php(228): include('C:\\xampp\\htdocs\\SIEKedelaiMataram\\app\\Views\\Drilldown\\index.php')
 3 SYSTEMPATH\View\View.php(231): CodeIgniter\View\View->CodeIgniter\View\{closure}()
 4 SYSTEMPATH\Common.php(1190): CodeIgniter\View\View->render('drilldown/index', [], true)
 5 APPPATH\Controllers\Drilldown.php(39): view('drilldown/index', [...])
 6 SYSTEMPATH\CodeIgniter.php(942): App\Controllers\Drilldown->index()
 7 SYSTEMPATH\CodeIgniter.php(502): CodeIgniter\CodeIgniter->runController(Object(App\Controllers\Drilldown))
 8 SYSTEMPATH\CodeIgniter.php(361): CodeIgniter\CodeIgniter->handleRequest(null, Object(Config\Cache), false)
 9 FCPATH\index.php(79): CodeIgniter\CodeIgniter->run()
10 SYSTEMPATH\Commands\Server\rewrite.php(47): require_once('C:\\xampp\\htdocs\\SIEKedelaiMataram\\public\\index.php')
CRITICAL - 2023-12-20 08:36:23 --> Array to string conversion
in APPPATH\Views\Drilldown\index.php on line 148.
 1 APPPATH\Views\Drilldown\index.php(148): CodeIgniter\Debug\Exceptions->errorHandler(2, 'Array to string conversion', 'C:\\xampp\\htdocs\\SIEKedelaiMataram\\app\\Views\\Drilldown\\index.php', 148)
 2 SYSTEMPATH\View\View.php(228): include('C:\\xampp\\htdocs\\SIEKedelaiMataram\\app\\Views\\Drilldown\\index.php')
 3 SYSTEMPATH\View\View.php(231): CodeIgniter\View\View->CodeIgniter\View\{closure}()
 4 SYSTEMPATH\Common.php(1190): CodeIgniter\View\View->render('Drilldown/index', [], true)
 5 APPPATH\Controllers\Drilldown.php(26): view('Drilldown/index', [...])
 6 SYSTEMPATH\CodeIgniter.php(942): App\Controllers\Drilldown->index()
 7 SYSTEMPATH\CodeIgniter.php(502): CodeIgniter\CodeIgniter->runController(Object(App\Controllers\Drilldown))
 8 SYSTEMPATH\CodeIgniter.php(361): CodeIgniter\CodeIgniter->handleRequest(null, Object(Config\Cache), false)
 9 FCPATH\index.php(79): CodeIgniter\CodeIgniter->run()
10 SYSTEMPATH\Commands\Server\rewrite.php(47): require_once('C:\\xampp\\htdocs\\SIEKedelaiMataram\\public\\index.php')
CRITICAL - 2023-12-20 08:36:34 --> syntax error, unexpected token "{", expecting "function" or "const"
in APPPATH\Controllers\Drilldown.php on line 12.
 1 SYSTEMPATH\Autoloader\Autoloader.php(291): CodeIgniter\Autoloader\Autoloader->includeFile('C:\\xampp\\htdocs\\SIEKedelaiMataram\\app\\Controllers\\Drilldown.php')
 2 SYSTEMPATH\Autoloader\Autoloader.php(269): CodeIgniter\Autoloader\Autoloader->loadInNamespace('App\\Controllers\\Drilldown')
 3 [internal function]: CodeIgniter\Autoloader\Autoloader->loadClass('App\\Controllers\\Drilldown')
 4 SYSTEMPATH\CodeIgniter.php(900): class_exists('\\App\\Controllers\\Drilldown', true)
 5 SYSTEMPATH\CodeIgniter.php(489): CodeIgniter\CodeIgniter->startController()
 6 SYSTEMPATH\CodeIgniter.php(361): CodeIgniter\CodeIgniter->handleRequest(null, Object(Config\Cache), false)
 7 FCPATH\index.php(79): CodeIgniter\CodeIgniter->run()
 8 SYSTEMPATH\Commands\Server\rewrite.php(47): require_once('C:\\xampp\\htdocs\\SIEKedelaiMataram\\public\\index.php')
CRITICAL - 2023-12-20 08:36:37 --> syntax error, unexpected token "{", expecting "function" or "const"
in APPPATH\Controllers\Drilldown.php on line 12.
 1 SYSTEMPATH\Autoloader\Autoloader.php(291): CodeIgniter\Autoloader\Autoloader->includeFile('C:\\xampp\\htdocs\\SIEKedelaiMataram\\app\\Controllers\\Drilldown.php')
 2 SYSTEMPATH\Autoloader\Autoloader.php(269): CodeIgniter\Autoloader\Autoloader->loadInNamespace('App\\Controllers\\Drilldown')
 3 [internal function]: CodeIgniter\Autoloader\Autoloader->loadClass('App\\Controllers\\Drilldown')
 4 SYSTEMPATH\CodeIgniter.php(900): class_exists('\\App\\Controllers\\Drilldown', true)
 5 SYSTEMPATH\CodeIgniter.php(489): CodeIgniter\CodeIgniter->startController()
 6 SYSTEMPATH\CodeIgniter.php(361): CodeIgniter\CodeIgniter->handleRequest(null, Object(Config\Cache), false)
 7 FCPATH\index.php(79): CodeIgniter\CodeIgniter->run()
 8 SYSTEMPATH\Commands\Server\rewrite.php(47): require_once('C:\\xampp\\htdocs\\SIEKedelaiMataram\\public\\index.php')
