CRITICAL - 2023-12-19 10:24:30 --> Call to undefined function script_tag()
in APPPATH\Views\Drilldown\index.php on line 104.
 1 SYSTEMPATH\View\View.php(228): include()
 2 SYSTEMPATH\View\View.php(231): CodeIgniter\View\View->CodeIgniter\View\{closure}()
 3 SYSTEMPATH\Common.php(1190): CodeIgniter\View\View->render('drilldown/index', [], true)
 4 APPPATH\Controllers\Drilldown.php(27): view('drilldown/index', [...])
 5 SYSTEMPATH\CodeIgniter.php(942): App\Controllers\Drilldown->index()
 6 SYSTEMPATH\CodeIgniter.php(502): CodeIgniter\CodeIgniter->runController(Object(App\Controllers\Drilldown))
 7 SYSTEMPATH\CodeIgniter.php(361): CodeIgniter\CodeIgniter->handleRequest(null, Object(Config\Cache), false)
 8 FCPATH\index.php(79): CodeIgniter\CodeIgniter->run()
 9 SYSTEMPATH\Commands\Server\rewrite.php(47): require_once('C:\\xampp\\htdocs\\SIEKedelaiMataram\\public\\index.php')
CRITICAL - 2023-12-19 10:24:39 --> Call to undefined function script_tag()
in APPPATH\Views\Drilldown\index.php on line 104.
 1 SYSTEMPATH\View\View.php(228): include()
 2 SYSTEMPATH\View\View.php(231): CodeIgniter\View\View->CodeIgniter\View\{closure}()
 3 SYSTEMPATH\Common.php(1190): CodeIgniter\View\View->render('drilldown/index', [], true)
 4 APPPATH\Controllers\Drilldown.php(27): view('drilldown/index', [...])
 5 SYSTEMPATH\CodeIgniter.php(942): App\Controllers\Drilldown->index()
 6 SYSTEMPATH\CodeIgniter.php(502): CodeIgniter\CodeIgniter->runController(Object(App\Controllers\Drilldown))
 7 SYSTEMPATH\CodeIgniter.php(361): CodeIgniter\CodeIgniter->handleRequest(null, Object(Config\Cache), false)
 8 FCPATH\index.php(79): CodeIgniter\CodeIgniter->run()
 9 SYSTEMPATH\Commands\Server\rewrite.php(47): require_once('C:\\xampp\\htdocs\\SIEKedelaiMataram\\public\\index.php')
CRITICAL - 2023-12-19 10:24:43 --> Call to undefined function script_tag()
in APPPATH\Views\Drilldown\index.php on line 104.
 1 SYSTEMPATH\View\View.php(228): include()
 2 SYSTEMPATH\View\View.php(231): CodeIgniter\View\View->CodeIgniter\View\{closure}()
 3 SYSTEMPATH\Common.php(1190): CodeIgniter\View\View->render('drilldown/index', [], true)
 4 APPPATH\Controllers\Drilldown.php(27): view('drilldown/index', [...])
 5 SYSTEMPATH\CodeIgniter.php(942): App\Controllers\Drilldown->index()
 6 SYSTEMPATH\CodeIgniter.php(502): CodeIgniter\CodeIgniter->runController(Object(App\Controllers\Drilldown))
 7 SYSTEMPATH\CodeIgniter.php(361): CodeIgniter\CodeIgniter->handleRequest(null, Object(Config\Cache), false)
 8 FCPATH\index.php(79): CodeIgniter\CodeIgniter->run()
 9 SYSTEMPATH\Commands\Server\rewrite.php(47): require_once('C:\\xampp\\htdocs\\SIEKedelaiMataram\\public\\index.php')
CRITICAL - 2023-12-19 10:27:08 --> Call to undefined function script_tag()
in APPPATH\Views\Drilldown\index.php on line 104.
 1 SYSTEMPATH\View\View.php(228): include()
 2 SYSTEMPATH\View\View.php(231): CodeIgniter\View\View->CodeIgniter\View\{closure}()
 3 SYSTEMPATH\Common.php(1190): CodeIgniter\View\View->render('drilldown/index', [], true)
 4 APPPATH\Controllers\Drilldown.php(27): view('drilldown/index', [...])
 5 SYSTEMPATH\CodeIgniter.php(942): App\Controllers\Drilldown->index()
 6 SYSTEMPATH\CodeIgniter.php(502): CodeIgniter\CodeIgniter->runController(Object(App\Controllers\Drilldown))
 7 SYSTEMPATH\CodeIgniter.php(361): CodeIgniter\CodeIgniter->handleRequest(null, Object(Config\Cache), false)
 8 FCPATH\index.php(79): CodeIgniter\CodeIgniter->run()
 9 SYSTEMPATH\Commands\Server\rewrite.php(47): require_once('C:\\xampp\\htdocs\\SIEKedelaiMataram\\public\\index.php')
CRITICAL - 2023-12-19 10:27:09 --> Call to undefined function script_tag()
in APPPATH\Views\Drilldown\index.php on line 104.
 1 SYSTEMPATH\View\View.php(228): include()
 2 SYSTEMPATH\View\View.php(231): CodeIgniter\View\View->CodeIgniter\View\{closure}()
 3 SYSTEMPATH\Common.php(1190): CodeIgniter\View\View->render('drilldown/index', [], true)
 4 APPPATH\Controllers\Drilldown.php(27): view('drilldown/index', [...])
 5 SYSTEMPATH\CodeIgniter.php(942): App\Controllers\Drilldown->index()
 6 SYSTEMPATH\CodeIgniter.php(502): CodeIgniter\CodeIgniter->runController(Object(App\Controllers\Drilldown))
 7 SYSTEMPATH\CodeIgniter.php(361): CodeIgniter\CodeIgniter->handleRequest(null, Object(Config\Cache), false)
 8 FCPATH\index.php(79): CodeIgniter\CodeIgniter->run()
 9 SYSTEMPATH\Commands\Server\rewrite.php(47): require_once('C:\\xampp\\htdocs\\SIEKedelaiMataram\\public\\index.php')
CRITICAL - 2023-12-19 10:27:12 --> Call to undefined function script_tag()
in APPPATH\Views\Drilldown\index.php on line 104.
 1 SYSTEMPATH\View\View.php(228): include()
 2 SYSTEMPATH\View\View.php(231): CodeIgniter\View\View->CodeIgniter\View\{closure}()
 3 SYSTEMPATH\Common.php(1190): CodeIgniter\View\View->render('drilldown/index', [], true)
 4 APPPATH\Controllers\Drilldown.php(27): view('drilldown/index', [...])
 5 SYSTEMPATH\CodeIgniter.php(942): App\Controllers\Drilldown->index()
 6 SYSTEMPATH\CodeIgniter.php(502): CodeIgniter\CodeIgniter->runController(Object(App\Controllers\Drilldown))
 7 SYSTEMPATH\CodeIgniter.php(361): CodeIgniter\CodeIgniter->handleRequest(null, Object(Config\Cache), false)
 8 FCPATH\index.php(79): CodeIgniter\CodeIgniter->run()
 9 SYSTEMPATH\Commands\Server\rewrite.php(47): require_once('C:\\xampp\\htdocs\\SIEKedelaiMataram\\public\\index.php')
CRITICAL - 2023-12-19 10:27:28 --> Call to undefined function script_tag()
in APPPATH\Views\Drilldown\index.php on line 104.
 1 SYSTEMPATH\View\View.php(228): include()
 2 SYSTEMPATH\View\View.php(231): CodeIgniter\View\View->CodeIgniter\View\{closure}()
 3 SYSTEMPATH\Common.php(1190): CodeIgniter\View\View->render('drilldown/index', [], true)
 4 APPPATH\Controllers\Drilldown.php(27): view('drilldown/index', [...])
 5 SYSTEMPATH\CodeIgniter.php(942): App\Controllers\Drilldown->index()
 6 SYSTEMPATH\CodeIgniter.php(502): CodeIgniter\CodeIgniter->runController(Object(App\Controllers\Drilldown))
 7 SYSTEMPATH\CodeIgniter.php(361): CodeIgniter\CodeIgniter->handleRequest(null, Object(Config\Cache), false)
 8 FCPATH\index.php(79): CodeIgniter\CodeIgniter->run()
 9 SYSTEMPATH\Commands\Server\rewrite.php(47): require_once('C:\\xampp\\htdocs\\SIEKedelaiMataram\\public\\index.php')
CRITICAL - 2023-12-19 10:32:35 --> Invalid file: "drilldown.php"
in SYSTEMPATH\Exceptions\FrameworkException.php on line 39.
 1 SYSTEMPATH\View\View.php(216): CodeIgniter\Exceptions\FrameworkException::forInvalidFile('drilldown.php')
 2 SYSTEMPATH\Common.php(1190): CodeIgniter\View\View->render('drilldown', [], true)
 3 APPPATH\Controllers\Drilldown.php(32): view('drilldown', [...])
 4 SYSTEMPATH\CodeIgniter.php(942): App\Controllers\Drilldown->index()
 5 SYSTEMPATH\CodeIgniter.php(502): CodeIgniter\CodeIgniter->runController(Object(App\Controllers\Drilldown))
 6 SYSTEMPATH\CodeIgniter.php(361): CodeIgniter\CodeIgniter->handleRequest(null, Object(Config\Cache), false)
 7 FCPATH\index.php(79): CodeIgniter\CodeIgniter->run()
 8 SYSTEMPATH\Commands\Server\rewrite.php(47): require_once('C:\\xampp\\htdocs\\SIEKedelaiMataram\\public\\index.php')
CRITICAL - 2023-12-19 10:32:38 --> Invalid file: "drilldown.php"
in SYSTEMPATH\Exceptions\FrameworkException.php on line 39.
 1 SYSTEMPATH\View\View.php(216): CodeIgniter\Exceptions\FrameworkException::forInvalidFile('drilldown.php')
 2 SYSTEMPATH\Common.php(1190): CodeIgniter\View\View->render('drilldown', [], true)
 3 APPPATH\Controllers\Drilldown.php(32): view('drilldown', [...])
 4 SYSTEMPATH\CodeIgniter.php(942): App\Controllers\Drilldown->index()
 5 SYSTEMPATH\CodeIgniter.php(502): CodeIgniter\CodeIgniter->runController(Object(App\Controllers\Drilldown))
 6 SYSTEMPATH\CodeIgniter.php(361): CodeIgniter\CodeIgniter->handleRequest(null, Object(Config\Cache), false)
 7 FCPATH\index.php(79): CodeIgniter\CodeIgniter->run()
 8 SYSTEMPATH\Commands\Server\rewrite.php(47): require_once('C:\\xampp\\htdocs\\SIEKedelaiMataram\\public\\index.php')
CRITICAL - 2023-12-19 10:32:41 --> Invalid file: "drilldown.php"
in SYSTEMPATH\Exceptions\FrameworkException.php on line 39.
 1 SYSTEMPATH\View\View.php(216): CodeIgniter\Exceptions\FrameworkException::forInvalidFile('drilldown.php')
 2 SYSTEMPATH\Common.php(1190): CodeIgniter\View\View->render('drilldown', [], true)
 3 APPPATH\Controllers\Drilldown.php(32): view('drilldown', [...])
 4 SYSTEMPATH\CodeIgniter.php(942): App\Controllers\Drilldown->index()
 5 SYSTEMPATH\CodeIgniter.php(502): CodeIgniter\CodeIgniter->runController(Object(App\Controllers\Drilldown))
 6 SYSTEMPATH\CodeIgniter.php(361): CodeIgniter\CodeIgniter->handleRequest(null, Object(Config\Cache), false)
 7 FCPATH\index.php(79): CodeIgniter\CodeIgniter->run()
 8 SYSTEMPATH\Commands\Server\rewrite.php(47): require_once('C:\\xampp\\htdocs\\SIEKedelaiMataram\\public\\index.php')
CRITICAL - 2023-12-19 10:35:14 --> Call to undefined function script_tag()
in APPPATH\Views\Drilldown\index.php on line 105.
 1 SYSTEMPATH\View\View.php(228): include()
 2 SYSTEMPATH\View\View.php(231): CodeIgniter\View\View->CodeIgniter\View\{closure}()
 3 SYSTEMPATH\Common.php(1190): CodeIgniter\View\View->render('drilldown/index', [], true)
 4 APPPATH\Controllers\Drilldown.php(32): view('drilldown/index', [...])
 5 SYSTEMPATH\CodeIgniter.php(942): App\Controllers\Drilldown->index()
 6 SYSTEMPATH\CodeIgniter.php(502): CodeIgniter\CodeIgniter->runController(Object(App\Controllers\Drilldown))
 7 SYSTEMPATH\CodeIgniter.php(361): CodeIgniter\CodeIgniter->handleRequest(null, Object(Config\Cache), false)
 8 FCPATH\index.php(79): CodeIgniter\CodeIgniter->run()
 9 SYSTEMPATH\Commands\Server\rewrite.php(47): require_once('C:\\xampp\\htdocs\\SIEKedelaiMataram\\public\\index.php')
CRITICAL - 2023-12-19 10:35:23 --> Call to undefined function script_tag()
in APPPATH\Views\Drilldown\index.php on line 105.
 1 SYSTEMPATH\View\View.php(228): include()
 2 SYSTEMPATH\View\View.php(231): CodeIgniter\View\View->CodeIgniter\View\{closure}()
 3 SYSTEMPATH\Common.php(1190): CodeIgniter\View\View->render('drilldown/index', [], true)
 4 APPPATH\Controllers\Drilldown.php(32): view('drilldown/index', [...])
 5 SYSTEMPATH\CodeIgniter.php(942): App\Controllers\Drilldown->index()
 6 SYSTEMPATH\CodeIgniter.php(502): CodeIgniter\CodeIgniter->runController(Object(App\Controllers\Drilldown))
 7 SYSTEMPATH\CodeIgniter.php(361): CodeIgniter\CodeIgniter->handleRequest(null, Object(Config\Cache), false)
 8 FCPATH\index.php(79): CodeIgniter\CodeIgniter->run()
 9 SYSTEMPATH\Commands\Server\rewrite.php(47): require_once('C:\\xampp\\htdocs\\SIEKedelaiMataram\\public\\index.php')
CRITICAL - 2023-12-19 10:37:17 --> Call to undefined function script_tag()
in APPPATH\Views\Drilldown\index.php on line 105.
 1 SYSTEMPATH\View\View.php(228): include()
 2 SYSTEMPATH\View\View.php(231): CodeIgniter\View\View->CodeIgniter\View\{closure}()
 3 SYSTEMPATH\Common.php(1190): CodeIgniter\View\View->render('Drilldown/index', [], true)
 4 APPPATH\Controllers\Drilldown.php(32): view('Drilldown/index', [...])
 5 SYSTEMPATH\CodeIgniter.php(942): App\Controllers\Drilldown->index()
 6 SYSTEMPATH\CodeIgniter.php(502): CodeIgniter\CodeIgniter->runController(Object(App\Controllers\Drilldown))
 7 SYSTEMPATH\CodeIgniter.php(361): CodeIgniter\CodeIgniter->handleRequest(null, Object(Config\Cache), false)
 8 FCPATH\index.php(79): CodeIgniter\CodeIgniter->run()
 9 SYSTEMPATH\Commands\Server\rewrite.php(47): require_once('C:\\xampp\\htdocs\\SIEKedelaiMataram\\public\\index.php')
CRITICAL - 2023-12-19 10:37:18 --> Call to undefined function script_tag()
in APPPATH\Views\Drilldown\index.php on line 105.
 1 SYSTEMPATH\View\View.php(228): include()
 2 SYSTEMPATH\View\View.php(231): CodeIgniter\View\View->CodeIgniter\View\{closure}()
 3 SYSTEMPATH\Common.php(1190): CodeIgniter\View\View->render('Drilldown/index', [], true)
 4 APPPATH\Controllers\Drilldown.php(32): view('Drilldown/index', [...])
 5 SYSTEMPATH\CodeIgniter.php(942): App\Controllers\Drilldown->index()
 6 SYSTEMPATH\CodeIgniter.php(502): CodeIgniter\CodeIgniter->runController(Object(App\Controllers\Drilldown))
 7 SYSTEMPATH\CodeIgniter.php(361): CodeIgniter\CodeIgniter->handleRequest(null, Object(Config\Cache), false)
 8 FCPATH\index.php(79): CodeIgniter\CodeIgniter->run()
 9 SYSTEMPATH\Commands\Server\rewrite.php(47): require_once('C:\\xampp\\htdocs\\SIEKedelaiMataram\\public\\index.php')
CRITICAL - 2023-12-19 10:37:22 --> Call to undefined function script_tag()
in APPPATH\Views\Drilldown\index.php on line 105.
 1 SYSTEMPATH\View\View.php(228): include()
 2 SYSTEMPATH\View\View.php(231): CodeIgniter\View\View->CodeIgniter\View\{closure}()
 3 SYSTEMPATH\Common.php(1190): CodeIgniter\View\View->render('Drilldown/index', [], true)
 4 APPPATH\Controllers\Drilldown.php(32): view('Drilldown/index', [...])
 5 SYSTEMPATH\CodeIgniter.php(942): App\Controllers\Drilldown->index()
 6 SYSTEMPATH\CodeIgniter.php(502): CodeIgniter\CodeIgniter->runController(Object(App\Controllers\Drilldown))
 7 SYSTEMPATH\CodeIgniter.php(361): CodeIgniter\CodeIgniter->handleRequest(null, Object(Config\Cache), false)
 8 FCPATH\index.php(79): CodeIgniter\CodeIgniter->run()
 9 SYSTEMPATH\Commands\Server\rewrite.php(47): require_once('C:\\xampp\\htdocs\\SIEKedelaiMataram\\public\\index.php')
CRITICAL - 2023-12-19 15:22:00 --> Attempt to read property "sub_district_name" on array
in APPPATH\Views\Drilldown\index.php on line 111.
 1 APPPATH\Views\Drilldown\index.php(111): CodeIgniter\Debug\Exceptions->errorHandler(2, 'Attempt to read property "sub_district_name" on array', 'C:\\xampp\\htdocs\\SIEKedelaiMataram\\app\\Views\\Drilldown\\index.php', 111)
 2 SYSTEMPATH\View\View.php(228): include('C:\\xampp\\htdocs\\SIEKedelaiMataram\\app\\Views\\Drilldown\\index.php')
 3 SYSTEMPATH\View\View.php(231): CodeIgniter\View\View->CodeIgniter\View\{closure}()
 4 SYSTEMPATH\Common.php(1190): CodeIgniter\View\View->render('Drilldown/index', [], true)
 5 APPPATH\Controllers\Drilldown.php(23): view('Drilldown/index', [...])
 6 SYSTEMPATH\CodeIgniter.php(942): App\Controllers\Drilldown->index()
 7 SYSTEMPATH\CodeIgniter.php(502): CodeIgniter\CodeIgniter->runController(Object(App\Controllers\Drilldown))
 8 SYSTEMPATH\CodeIgniter.php(361): CodeIgniter\CodeIgniter->handleRequest(null, Object(Config\Cache), false)
 9 FCPATH\index.php(79): CodeIgniter\CodeIgniter->run()
10 SYSTEMPATH\Commands\Server\rewrite.php(47): require_once('C:\\xampp\\htdocs\\SIEKedelaiMataram\\public\\index.php')
CRITICAL - 2023-12-19 15:22:03 --> Attempt to read property "sub_district_name" on array
in APPPATH\Views\Drilldown\index.php on line 111.
 1 APPPATH\Views\Drilldown\index.php(111): CodeIgniter\Debug\Exceptions->errorHandler(2, 'Attempt to read property "sub_district_name" on array', 'C:\\xampp\\htdocs\\SIEKedelaiMataram\\app\\Views\\Drilldown\\index.php', 111)
 2 SYSTEMPATH\View\View.php(228): include('C:\\xampp\\htdocs\\SIEKedelaiMataram\\app\\Views\\Drilldown\\index.php')
 3 SYSTEMPATH\View\View.php(231): CodeIgniter\View\View->CodeIgniter\View\{closure}()
 4 SYSTEMPATH\Common.php(1190): CodeIgniter\View\View->render('Drilldown/index', [], true)
 5 APPPATH\Controllers\Drilldown.php(23): view('Drilldown/index', [...])
 6 SYSTEMPATH\CodeIgniter.php(942): App\Controllers\Drilldown->index()
 7 SYSTEMPATH\CodeIgniter.php(502): CodeIgniter\CodeIgniter->runController(Object(App\Controllers\Drilldown))
 8 SYSTEMPATH\CodeIgniter.php(361): CodeIgniter\CodeIgniter->handleRequest(null, Object(Config\Cache), false)
 9 FCPATH\index.php(79): CodeIgniter\CodeIgniter->run()
10 SYSTEMPATH\Commands\Server\rewrite.php(47): require_once('C:\\xampp\\htdocs\\SIEKedelaiMataram\\public\\index.php')
CRITICAL - 2023-12-19 15:22:07 --> Attempt to read property "sub_district_name" on array
in APPPATH\Views\Drilldown\index.php on line 111.
 1 APPPATH\Views\Drilldown\index.php(111): CodeIgniter\Debug\Exceptions->errorHandler(2, 'Attempt to read property "sub_district_name" on array', 'C:\\xampp\\htdocs\\SIEKedelaiMataram\\app\\Views\\Drilldown\\index.php', 111)
 2 SYSTEMPATH\View\View.php(228): include('C:\\xampp\\htdocs\\SIEKedelaiMataram\\app\\Views\\Drilldown\\index.php')
 3 SYSTEMPATH\View\View.php(231): CodeIgniter\View\View->CodeIgniter\View\{closure}()
 4 SYSTEMPATH\Common.php(1190): CodeIgniter\View\View->render('Drilldown/index', [], true)
 5 APPPATH\Controllers\Drilldown.php(23): view('Drilldown/index', [...])
 6 SYSTEMPATH\CodeIgniter.php(942): App\Controllers\Drilldown->index()
 7 SYSTEMPATH\CodeIgniter.php(502): CodeIgniter\CodeIgniter->runController(Object(App\Controllers\Drilldown))
 8 SYSTEMPATH\CodeIgniter.php(361): CodeIgniter\CodeIgniter->handleRequest(null, Object(Config\Cache), false)
 9 FCPATH\index.php(79): CodeIgniter\CodeIgniter->run()
10 SYSTEMPATH\Commands\Server\rewrite.php(47): require_once('C:\\xampp\\htdocs\\SIEKedelaiMataram\\public\\index.php')
CRITICAL - 2023-12-19 15:22:08 --> Attempt to read property "sub_district_name" on array
in APPPATH\Views\Drilldown\index.php on line 111.
 1 APPPATH\Views\Drilldown\index.php(111): CodeIgniter\Debug\Exceptions->errorHandler(2, 'Attempt to read property "sub_district_name" on array', 'C:\\xampp\\htdocs\\SIEKedelaiMataram\\app\\Views\\Drilldown\\index.php', 111)
 2 SYSTEMPATH\View\View.php(228): include('C:\\xampp\\htdocs\\SIEKedelaiMataram\\app\\Views\\Drilldown\\index.php')
 3 SYSTEMPATH\View\View.php(231): CodeIgniter\View\View->CodeIgniter\View\{closure}()
 4 SYSTEMPATH\Common.php(1190): CodeIgniter\View\View->render('Drilldown/index', [], true)
 5 APPPATH\Controllers\Drilldown.php(23): view('Drilldown/index', [...])
 6 SYSTEMPATH\CodeIgniter.php(942): App\Controllers\Drilldown->index()
 7 SYSTEMPATH\CodeIgniter.php(502): CodeIgniter\CodeIgniter->runController(Object(App\Controllers\Drilldown))
 8 SYSTEMPATH\CodeIgniter.php(361): CodeIgniter\CodeIgniter->handleRequest(null, Object(Config\Cache), false)
 9 FCPATH\index.php(79): CodeIgniter\CodeIgniter->run()
10 SYSTEMPATH\Commands\Server\rewrite.php(47): require_once('C:\\xampp\\htdocs\\SIEKedelaiMataram\\public\\index.php')
CRITICAL - 2023-12-19 16:17:22 --> Undefined property: App\Controllers\Drilldown::$subDistrictModel
in APPPATH\Controllers\Drilldown.php on line 19.
 1 APPPATH\Controllers\Drilldown.php(19): CodeIgniter\Debug\Exceptions->errorHandler(2, 'Undefined property: App\\Controllers\\Drilldown::$subDistrictModel', 'C:\\xampp\\htdocs\\SIEKedelaiMataram\\app\\Controllers\\Drilldown.php', 19)
 2 SYSTEMPATH\CodeIgniter.php(942): App\Controllers\Drilldown->index()
 3 SYSTEMPATH\CodeIgniter.php(502): CodeIgniter\CodeIgniter->runController(Object(App\Controllers\Drilldown))
 4 SYSTEMPATH\CodeIgniter.php(361): CodeIgniter\CodeIgniter->handleRequest(null, Object(Config\Cache), false)
 5 FCPATH\index.php(79): CodeIgniter\CodeIgniter->run()
 6 SYSTEMPATH\Commands\Server\rewrite.php(47): require_once('C:\\xampp\\htdocs\\SIEKedelaiMataram\\public\\index.php')
CRITICAL - 2023-12-19 16:17:24 --> Undefined property: App\Controllers\Drilldown::$subDistrictModel
in APPPATH\Controllers\Drilldown.php on line 19.
 1 APPPATH\Controllers\Drilldown.php(19): CodeIgniter\Debug\Exceptions->errorHandler(2, 'Undefined property: App\\Controllers\\Drilldown::$subDistrictModel', 'C:\\xampp\\htdocs\\SIEKedelaiMataram\\app\\Controllers\\Drilldown.php', 19)
 2 SYSTEMPATH\CodeIgniter.php(942): App\Controllers\Drilldown->index()
 3 SYSTEMPATH\CodeIgniter.php(502): CodeIgniter\CodeIgniter->runController(Object(App\Controllers\Drilldown))
 4 SYSTEMPATH\CodeIgniter.php(361): CodeIgniter\CodeIgniter->handleRequest(null, Object(Config\Cache), false)
 5 FCPATH\index.php(79): CodeIgniter\CodeIgniter->run()
 6 SYSTEMPATH\Commands\Server\rewrite.php(47): require_once('C:\\xampp\\htdocs\\SIEKedelaiMataram\\public\\index.php')
CRITICAL - 2023-12-19 16:17:46 --> Undefined property: App\Controllers\Drilldown::$subDistrictModel
in APPPATH\Controllers\Drilldown.php on line 19.
 1 APPPATH\Controllers\Drilldown.php(19): CodeIgniter\Debug\Exceptions->errorHandler(2, 'Undefined property: App\\Controllers\\Drilldown::$subDistrictModel', 'C:\\xampp\\htdocs\\SIEKedelaiMataram\\app\\Controllers\\Drilldown.php', 19)
 2 SYSTEMPATH\CodeIgniter.php(942): App\Controllers\Drilldown->index()
 3 SYSTEMPATH\CodeIgniter.php(502): CodeIgniter\CodeIgniter->runController(Object(App\Controllers\Drilldown))
 4 SYSTEMPATH\CodeIgniter.php(361): CodeIgniter\CodeIgniter->handleRequest(null, Object(Config\Cache), false)
 5 FCPATH\index.php(79): CodeIgniter\CodeIgniter->run()
 6 SYSTEMPATH\Commands\Server\rewrite.php(47): require_once('C:\\xampp\\htdocs\\SIEKedelaiMataram\\public\\index.php')
CRITICAL - 2023-12-19 16:17:48 --> Undefined property: App\Controllers\Drilldown::$subDistrictModel
in APPPATH\Controllers\Drilldown.php on line 19.
 1 APPPATH\Controllers\Drilldown.php(19): CodeIgniter\Debug\Exceptions->errorHandler(2, 'Undefined property: App\\Controllers\\Drilldown::$subDistrictModel', 'C:\\xampp\\htdocs\\SIEKedelaiMataram\\app\\Controllers\\Drilldown.php', 19)
 2 SYSTEMPATH\CodeIgniter.php(942): App\Controllers\Drilldown->index()
 3 SYSTEMPATH\CodeIgniter.php(502): CodeIgniter\CodeIgniter->runController(Object(App\Controllers\Drilldown))
 4 SYSTEMPATH\CodeIgniter.php(361): CodeIgniter\CodeIgniter->handleRequest(null, Object(Config\Cache), false)
 5 FCPATH\index.php(79): CodeIgniter\CodeIgniter->run()
 6 SYSTEMPATH\Commands\Server\rewrite.php(47): require_once('C:\\xampp\\htdocs\\SIEKedelaiMataram\\public\\index.php')
CRITICAL - 2023-12-19 16:18:11 --> Trying to access array offset on value of type null
in APPPATH\Controllers\Drilldown.php on line 24.
 1 APPPATH\Controllers\Drilldown.php(24): CodeIgniter\Debug\Exceptions->errorHandler(2, 'Trying to access array offset on value of type null', 'C:\\xampp\\htdocs\\SIEKedelaiMataram\\app\\Controllers\\Drilldown.php', 24)
 2 SYSTEMPATH\CodeIgniter.php(942): App\Controllers\Drilldown->index()
 3 SYSTEMPATH\CodeIgniter.php(502): CodeIgniter\CodeIgniter->runController(Object(App\Controllers\Drilldown))
 4 SYSTEMPATH\CodeIgniter.php(361): CodeIgniter\CodeIgniter->handleRequest(null, Object(Config\Cache), false)
 5 FCPATH\index.php(79): CodeIgniter\CodeIgniter->run()
 6 SYSTEMPATH\Commands\Server\rewrite.php(47): require_once('C:\\xampp\\htdocs\\SIEKedelaiMataram\\public\\index.php')
CRITICAL - 2023-12-19 16:18:13 --> Trying to access array offset on value of type null
in APPPATH\Controllers\Drilldown.php on line 24.
 1 APPPATH\Controllers\Drilldown.php(24): CodeIgniter\Debug\Exceptions->errorHandler(2, 'Trying to access array offset on value of type null', 'C:\\xampp\\htdocs\\SIEKedelaiMataram\\app\\Controllers\\Drilldown.php', 24)
 2 SYSTEMPATH\CodeIgniter.php(942): App\Controllers\Drilldown->index()
 3 SYSTEMPATH\CodeIgniter.php(502): CodeIgniter\CodeIgniter->runController(Object(App\Controllers\Drilldown))
 4 SYSTEMPATH\CodeIgniter.php(361): CodeIgniter\CodeIgniter->handleRequest(null, Object(Config\Cache), false)
 5 FCPATH\index.php(79): CodeIgniter\CodeIgniter->run()
 6 SYSTEMPATH\Commands\Server\rewrite.php(47): require_once('C:\\xampp\\htdocs\\SIEKedelaiMataram\\public\\index.php')
CRITICAL - 2023-12-19 16:21:26 --> Trying to access array offset on value of type null
in APPPATH\Controllers\Drilldown.php on line 24.
 1 APPPATH\Controllers\Drilldown.php(24): CodeIgniter\Debug\Exceptions->errorHandler(2, 'Trying to access array offset on value of type null', 'C:\\xampp\\htdocs\\SIEKedelaiMataram\\app\\Controllers\\Drilldown.php', 24)
 2 SYSTEMPATH\CodeIgniter.php(942): App\Controllers\Drilldown->index()
 3 SYSTEMPATH\CodeIgniter.php(502): CodeIgniter\CodeIgniter->runController(Object(App\Controllers\Drilldown))
 4 SYSTEMPATH\CodeIgniter.php(361): CodeIgniter\CodeIgniter->handleRequest(null, Object(Config\Cache), false)
 5 FCPATH\index.php(79): CodeIgniter\CodeIgniter->run()
 6 SYSTEMPATH\Commands\Server\rewrite.php(47): require_once('C:\\xampp\\htdocs\\SIEKedelaiMataram\\public\\index.php')
CRITICAL - 2023-12-19 16:21:29 --> Trying to access array offset on value of type null
in APPPATH\Controllers\Drilldown.php on line 24.
 1 APPPATH\Controllers\Drilldown.php(24): CodeIgniter\Debug\Exceptions->errorHandler(2, 'Trying to access array offset on value of type null', 'C:\\xampp\\htdocs\\SIEKedelaiMataram\\app\\Controllers\\Drilldown.php', 24)
 2 SYSTEMPATH\CodeIgniter.php(942): App\Controllers\Drilldown->index()
 3 SYSTEMPATH\CodeIgniter.php(502): CodeIgniter\CodeIgniter->runController(Object(App\Controllers\Drilldown))
 4 SYSTEMPATH\CodeIgniter.php(361): CodeIgniter\CodeIgniter->handleRequest(null, Object(Config\Cache), false)
 5 FCPATH\index.php(79): CodeIgniter\CodeIgniter->run()
 6 SYSTEMPATH\Commands\Server\rewrite.php(47): require_once('C:\\xampp\\htdocs\\SIEKedelaiMataram\\public\\index.php')
CRITICAL - 2023-12-19 16:21:37 --> Trying to access array offset on value of type null
in APPPATH\Controllers\Drilldown.php on line 24.
 1 APPPATH\Controllers\Drilldown.php(24): CodeIgniter\Debug\Exceptions->errorHandler(2, 'Trying to access array offset on value of type null', 'C:\\xampp\\htdocs\\SIEKedelaiMataram\\app\\Controllers\\Drilldown.php', 24)
 2 SYSTEMPATH\CodeIgniter.php(942): App\Controllers\Drilldown->index()
 3 SYSTEMPATH\CodeIgniter.php(502): CodeIgniter\CodeIgniter->runController(Object(App\Controllers\Drilldown))
 4 SYSTEMPATH\CodeIgniter.php(361): CodeIgniter\CodeIgniter->handleRequest(null, Object(Config\Cache), false)
 5 FCPATH\index.php(79): CodeIgniter\CodeIgniter->run()
 6 SYSTEMPATH\Commands\Server\rewrite.php(47): require_once('C:\\xampp\\htdocs\\SIEKedelaiMataram\\public\\index.php')
