CRITICAL - 2023-12-07 15:39:36 --> Undefined variable $products
in APPPATH\Views\index.php on line 133.
 1 APPPATH\Views\index.php(133): CodeIgniter\Debug\Exceptions->errorHandler(2, 'Undefined variable $products', 'C:\\Users\\cssmi\\Documents\\Kuliah\\Sistem Informasi Eksekutif\\SIEKedelaiMataram\\app\\Views\\index.php', 133)
 2 SYSTEMPATH\View\View.php(228): include('C:\\Users\\cssmi\\Documents\\Kuliah\\Sistem Informasi Eksekutif\\SIEKedelaiMataram\\app\\Views\\index.php')
 3 SYSTEMPATH\View\View.php(231): CodeIgniter\View\View->CodeIgniter\View\{closure}()
 4 SYSTEMPATH\Common.php(1190): CodeIgniter\View\View->render('index', [], true)
 5 APPPATH\Controllers\Home.php(13): view('index', [...])
 6 SYSTEMPATH\CodeIgniter.php(942): App\Controllers\Home->index()
 7 SYSTEMPATH\CodeIgniter.php(502): CodeIgniter\CodeIgniter->runController(Object(App\Controllers\Home))
 8 SYSTEMPATH\CodeIgniter.php(361): CodeIgniter\CodeIgniter->handleRequest(null, Object(Config\Cache), false)
 9 FCPATH\index.php(79): CodeIgniter\CodeIgniter->run()
10 SYSTEMPATH\Commands\Server\rewrite.php(47): require_once('C:\\Users\\cssmi\\Documents\\Kuliah\\Sistem Informasi Eksekutif\\SIEKedelaiMataram\\public\\index.php')
ERROR - 2023-12-07 15:47:39 --> Error connecting to the database: mysqli_sql_exception: No connection could be made because the target machine actively refused it in C:\Users\cssmi\Documents\Kuliah\Sistem Informasi Eksekutif\SIEKedelaiMataram\system\Database\MySQLi\Connection.php:185
Stack trace:
#0 C:\Users\cssmi\Documents\Kuliah\Sistem Informasi Eksekutif\SIEKedelaiMataram\system\Database\MySQLi\Connection.php(185): mysqli->real_connect('localhost', 'root', '', 'dbsiekedelai', 3306, '', 0)
#1 C:\Users\cssmi\Documents\Kuliah\Sistem Informasi Eksekutif\SIEKedelaiMataram\system\Database\BaseConnection.php(392): CodeIgniter\Database\MySQLi\Connection->connect(false)
#2 C:\Users\cssmi\Documents\Kuliah\Sistem Informasi Eksekutif\SIEKedelaiMataram\system\Database\BaseConnection.php(575): CodeIgniter\Database\BaseConnection->initialize()
#3 C:\Users\cssmi\Documents\Kuliah\Sistem Informasi Eksekutif\SIEKedelaiMataram\system\Database\BaseBuilder.php(1615): CodeIgniter\Database\BaseConnection->query('SELECT *\nFROM `...', Array, false)
#4 C:\Users\cssmi\Documents\Kuliah\Sistem Informasi Eksekutif\SIEKedelaiMataram\system\Model.php(237): CodeIgniter\Database\BaseBuilder->get()
#5 C:\Users\cssmi\Documents\Kuliah\Sistem Informasi Eksekutif\SIEKedelaiMataram\system\BaseModel.php(624): CodeIgniter\Model->doFindAll(0, 0)
#6 C:\Users\cssmi\Documents\Kuliah\Sistem Informasi Eksekutif\SIEKedelaiMataram\app\Models\SubDistrictModel.php(13): CodeIgniter\BaseModel->findAll()
#7 C:\Users\cssmi\Documents\Kuliah\Sistem Informasi Eksekutif\SIEKedelaiMataram\app\Controllers\Home.php(12): App\Models\SubDistrictModel->getSubDistricts()
#8 C:\Users\cssmi\Documents\Kuliah\Sistem Informasi Eksekutif\SIEKedelaiMataram\system\CodeIgniter.php(942): App\Controllers\Home->index()
#9 C:\Users\cssmi\Documents\Kuliah\Sistem Informasi Eksekutif\SIEKedelaiMataram\system\CodeIgniter.php(502): CodeIgniter\CodeIgniter->runController(Object(App\Controllers\Home))
#10 C:\Users\cssmi\Documents\Kuliah\Sistem Informasi Eksekutif\SIEKedelaiMataram\system\CodeIgniter.php(361): CodeIgniter\CodeIgniter->handleRequest(NULL, Object(Config\Cache), false)
#11 C:\Users\cssmi\Documents\Kuliah\Sistem Informasi Eksekutif\SIEKedelaiMataram\public\index.php(79): CodeIgniter\CodeIgniter->run()
#12 C:\Users\cssmi\Documents\Kuliah\Sistem Informasi Eksekutif\SIEKedelaiMataram\system\Commands\Server\rewrite.php(47): require_once('C:\\Users\\cssmi\\...')
#13 {main}

Next CodeIgniter\Database\Exceptions\DatabaseException: No connection could be made because the target machine actively refused it in C:\Users\cssmi\Documents\Kuliah\Sistem Informasi Eksekutif\SIEKedelaiMataram\system\Database\MySQLi\Connection.php:229
Stack trace:
#0 C:\Users\cssmi\Documents\Kuliah\Sistem Informasi Eksekutif\SIEKedelaiMataram\system\Database\BaseConnection.php(392): CodeIgniter\Database\MySQLi\Connection->connect(false)
#1 C:\Users\cssmi\Documents\Kuliah\Sistem Informasi Eksekutif\SIEKedelaiMataram\system\Database\BaseConnection.php(575): CodeIgniter\Database\BaseConnection->initialize()
#2 C:\Users\cssmi\Documents\Kuliah\Sistem Informasi Eksekutif\SIEKedelaiMataram\system\Database\BaseBuilder.php(1615): CodeIgniter\Database\BaseConnection->query('SELECT *\nFROM `...', Array, false)
#3 C:\Users\cssmi\Documents\Kuliah\Sistem Informasi Eksekutif\SIEKedelaiMataram\system\Model.php(237): CodeIgniter\Database\BaseBuilder->get()
#4 C:\Users\cssmi\Documents\Kuliah\Sistem Informasi Eksekutif\SIEKedelaiMataram\system\BaseModel.php(624): CodeIgniter\Model->doFindAll(0, 0)
#5 C:\Users\cssmi\Documents\Kuliah\Sistem Informasi Eksekutif\SIEKedelaiMataram\app\Models\SubDistrictModel.php(13): CodeIgniter\BaseModel->findAll()
#6 C:\Users\cssmi\Documents\Kuliah\Sistem Informasi Eksekutif\SIEKedelaiMataram\app\Controllers\Home.php(12): App\Models\SubDistrictModel->getSubDistricts()
#7 C:\Users\cssmi\Documents\Kuliah\Sistem Informasi Eksekutif\SIEKedelaiMataram\system\CodeIgniter.php(942): App\Controllers\Home->index()
#8 C:\Users\cssmi\Documents\Kuliah\Sistem Informasi Eksekutif\SIEKedelaiMataram\system\CodeIgniter.php(502): CodeIgniter\CodeIgniter->runController(Object(App\Controllers\Home))
#9 C:\Users\cssmi\Documents\Kuliah\Sistem Informasi Eksekutif\SIEKedelaiMataram\system\CodeIgniter.php(361): CodeIgniter\CodeIgniter->handleRequest(NULL, Object(Config\Cache), false)
#10 C:\Users\cssmi\Documents\Kuliah\Sistem Informasi Eksekutif\SIEKedelaiMataram\public\index.php(79): CodeIgniter\CodeIgniter->run()
#11 C:\Users\cssmi\Documents\Kuliah\Sistem Informasi Eksekutif\SIEKedelaiMataram\system\Commands\Server\rewrite.php(47): require_once('C:\\Users\\cssmi\\...')
#12 {main}
CRITICAL - 2023-12-07 15:47:39 --> Unable to connect to the database.
Main connection [MySQLi]: No connection could be made because the target machine actively refused it
in SYSTEMPATH\Database\BaseConnection.php on line 428.
 1 SYSTEMPATH\Database\BaseConnection.php(575): CodeIgniter\Database\BaseConnection->initialize()
 2 SYSTEMPATH\Database\BaseBuilder.php(1615): CodeIgniter\Database\BaseConnection->query('SELECT *
FROM `sub_districts`', [], false)
 3 SYSTEMPATH\Model.php(237): CodeIgniter\Database\BaseBuilder->get()
 4 SYSTEMPATH\BaseModel.php(624): CodeIgniter\Model->doFindAll(0, 0)
 5 APPPATH\Models\SubDistrictModel.php(13): CodeIgniter\BaseModel->findAll()
 6 APPPATH\Controllers\Home.php(12): App\Models\SubDistrictModel->getSubDistricts()
 7 SYSTEMPATH\CodeIgniter.php(942): App\Controllers\Home->index()
 8 SYSTEMPATH\CodeIgniter.php(502): CodeIgniter\CodeIgniter->runController(Object(App\Controllers\Home))
 9 SYSTEMPATH\CodeIgniter.php(361): CodeIgniter\CodeIgniter->handleRequest(null, Object(Config\Cache), false)
10 FCPATH\index.php(79): CodeIgniter\CodeIgniter->run()
11 SYSTEMPATH\Commands\Server\rewrite.php(47): require_once('C:\\Users\\cssmi\\Documents\\Kuliah\\Sistem Informasi Eksekutif\\SIEKedelaiMataram\\public\\index.php')
